******Format of cpu stats log file: Date/Time     CPU Temp        Load Average    CPU Frequency   Governor***
Thu Apr 22 21:38:09 PDT 2010  21        0.00 0.07 0.15 4/166 11582        500000        userspace
Thu Apr 22 21:38:14 PDT 2010  21        0.00 0.07 0.15 1/166 11588        500000        userspace
Thu Apr 22 21:38:19 PDT 2010  21        0.00 0.07 0.15 4/166 11594        500000        userspace
Thu Apr 22 21:38:24 PDT 2010  21        0.00 0.07 0.14 3/169 11607        500000        userspace
Thu Apr 22 21:38:29 PDT 2010  21        0.00 0.07 0.14 3/169 11613        500000        userspace
Thu Apr 22 21:38:34 PDT 2010  21        0.00 0.07 0.14 4/170 11620        500000        userspace
Thu Apr 22 21:38:39 PDT 2010  21        0.08 0.08 0.15 3/170 11626        500000        userspace
Thu Apr 22 21:38:44 PDT 2010  21        0.23 0.11 0.16 5/167 11632        500000        userspace
Thu Apr 22 21:38:50 PDT 2010  21        0.29 0.13 0.16 4/167 11638        500000        userspace
Thu Apr 22 21:38:55 PDT 2010  21        0.43 0.16 0.17 5/168 11645        500000        userspace
Thu Apr 22 21:39:00 PDT 2010  21        0.64 0.21 0.19 6/169 11652        500000        userspace
Thu Apr 22 21:39:05 PDT 2010  21        0.91 0.27 0.21 7/170 11662        500000        userspace
Thu Apr 22 21:39:10 PDT 2010  21        1.15 0.33 0.23 8/171 11669        500000        userspace
Thu Apr 22 21:39:16 PDT 2010  21        1.70 0.46 0.27 8/172 11676        500000        userspace
Thu Apr 22 21:39:21 PDT 2010  21        2.04 0.55 0.30 8/172 11682        500000        userspace
Thu Apr 22 21:39:26 PDT 2010  21        2.36 0.64 0.33 9/173 11689        500000        userspace
Thu Apr 22 21:39:31 PDT 2010  21        3.05 0.81 0.39 10/174 11696        500000        userspace
Thu Apr 22 21:39:37 PDT 2010  21        4.27 1.15 0.50 10/174 11702        500000        userspace
Thu Apr 22 21:39:42 PDT 2010  21        4.65 1.28 0.54 10/174 11709        500000        userspace
Thu Apr 22 21:39:47 PDT 2010  21        4.92 1.39 0.58 11/174 11715        500000        userspace
Thu Apr 22 21:39:53 PDT 2010  21        5.25 1.51 0.63 10/174 11721        500000        userspace
Thu Apr 22 21:39:58 PDT 2010  21        5.47 1.62 0.67 10/174 11727        500000        userspace
Thu Apr 22 21:40:03 PDT 2010  21        5.67 1.73 0.71 10/174 11736        500000        userspace
Thu Apr 22 21:40:08 PDT 2010  21        5.94 1.85 0.75 10/174 11742        500000        userspace
Thu Apr 22 21:40:14 PDT 2010  21        6.18 1.97 0.80 10/174 11748        500000        userspace
Thu Apr 22 21:40:19 PDT 2010  21        6.33 2.07 0.84 10/174 11754        500000        userspace
Thu Apr 22 21:40:24 PDT 2010  21        6.46 2.16 0.87 10/174 11760        500000        userspace
Thu Apr 22 21:40:30 PDT 2010  21        6.58 2.26 0.91 10/174 11766        500000        userspace
Thu Apr 22 21:40:35 PDT 2010  21        6.70 2.36 0.95 10/174 11772        500000        userspace
Thu Apr 22 21:40:40 PDT 2010  21        6.80 2.45 0.99 10/174 11778        500000        userspace
Thu Apr 22 21:40:46 PDT 2010  21        6.90 2.54 1.02 10/174 11784        500000        userspace
Thu Apr 22 21:40:51 PDT 2010  21        6.98 2.63 1.06 10/174 11790        500000        userspace
Thu Apr 22 21:40:56 PDT 2010  21        7.07 2.72 1.10 11/174 11796        500000        userspace
Thu Apr 22 21:41:02 PDT 2010  21        7.38 2.86 1.15 10/174 11810        500000        userspace
Thu Apr 22 21:41:07 PDT 2010  21        7.94 3.13 1.26 10/174 11818        500000        userspace
Thu Apr 22 21:41:12 PDT 2010  21        8.02 3.22 1.30 10/174 11824        500000        userspace
Thu Apr 22 21:41:17 PDT 2010  21        8.02 3.30 1.33 11/174 11832        500000        userspace
Thu Apr 22 21:41:23 PDT 2010  21        8.02 3.38 1.37 10/174 11840        500000        userspace
Thu Apr 22 21:41:28 PDT 2010  21        8.02 3.46 1.40 11/174 11848        500000        userspace
Thu Apr 22 21:41:34 PDT 2010  21        8.18 3.56 1.45 10/174 11856        500000        userspace
Thu Apr 22 21:41:39 PDT 2010  21        8.16 3.64 1.49 10/174 11864        500000        userspace
Thu Apr 22 21:41:44 PDT 2010  21        8.15 3.71 1.52 10/174 11870        500000        userspace
Thu Apr 22 21:41:50 PDT 2010  21        8.14 3.78 1.55 10/174 11878        500000        userspace
Thu Apr 22 21:41:55 PDT 2010  21        8.20 3.87 1.59 11/174 11886        500000        userspace
Thu Apr 22 21:42:00 PDT 2010  21        8.19 3.94 1.63 10/174 11894        500000        userspace
Thu Apr 22 21:42:06 PDT 2010  21        8.17 4.00 1.66 10/174 11903        500000        userspace
Thu Apr 22 21:42:11 PDT 2010  21        8.16 4.07 1.70 11/174 11909        500000        userspace
Thu Apr 22 21:42:16 PDT 2010  21        8.15 4.13 1.73 10/174 11915        500000        userspace
Thu Apr 22 21:42:22 PDT 2010  21        8.13 4.20 1.76 10/174 11921        500000        userspace
Thu Apr 22 21:42:27 PDT 2010  21        8.36 4.31 1.81 10/174 11927        500000        userspace
Thu Apr 22 21:42:32 PDT 2010  21        8.38 4.45 1.88 10/174 11933        500000        userspace
Thu Apr 22 21:42:37 PDT 2010  21        8.35 4.51 1.92 10/174 11940        500000        userspace
Thu Apr 22 21:42:43 PDT 2010  21        8.32 4.56 1.95 11/174 11946        500000        userspace
Thu Apr 22 21:42:48 PDT 2010  21        8.30 4.62 1.98 10/174 11952        500000        userspace
Thu Apr 22 21:42:53 PDT 2010  21        8.27 4.68 2.01 11/174 11958        500000        userspace
Thu Apr 22 21:42:59 PDT 2010  21        8.25 4.73 2.04 10/174 11965        500000        userspace
Thu Apr 22 21:43:04 PDT 2010  21        8.23 4.79 2.08 10/174 11974        500000        userspace
Thu Apr 22 21:43:09 PDT 2010  21        8.21 4.84 2.11 10/174 11980        500000        userspace
Thu Apr 22 21:43:14 PDT 2010  21        8.19 4.89 2.14 10/174 11986        500000        userspace
Thu Apr 22 21:43:20 PDT 2010  21        8.18 4.94 2.17 10/174 11992        500000        userspace
Thu Apr 22 21:43:25 PDT 2010  21        8.24 5.01 2.21 10/174 11998        500000        userspace
Thu Apr 22 21:43:30 PDT 2010  21        8.22 5.06 2.24 10/174 12004        500000        userspace
Thu Apr 22 21:43:35 PDT 2010  21        8.21 5.11 2.27 11/174 12010        500000        userspace
Thu Apr 22 21:43:41 PDT 2010  21        8.27 5.17 2.31 10/174 12016        500000        userspace
Thu Apr 22 21:43:46 PDT 2010  21        8.25 5.22 2.34 10/174 12022        500000        userspace
Thu Apr 22 21:43:51 PDT 2010  21        8.23 5.26 2.37 10/174 12028        500000        userspace
Thu Apr 22 21:43:56 PDT 2010  21        8.21 5.31 2.40 10/174 12034        500000        userspace
Thu Apr 22 21:44:02 PDT 2010  21        8.19 5.35 2.43 10/174 12043        500000        userspace
Thu Apr 22 21:44:07 PDT 2010  21        8.18 5.40 2.45 10/174 12049        500000        userspace
Thu Apr 22 21:44:12 PDT 2010  21        8.32 5.47 2.50 10/174 12055        500000        userspace
Thu Apr 22 21:44:17 PDT 2010  21        8.35 5.57 2.56 11/174 12061        500000        userspace
Thu Apr 22 21:44:23 PDT 2010  21        8.32 5.61 2.59 10/174 12067        500000        userspace
Thu Apr 22 21:44:28 PDT 2010  21        8.37 5.67 2.62 10/174 12073        500000        userspace
Thu Apr 22 21:44:33 PDT 2010  21        8.34 5.71 2.65 11/174 12079        500000        userspace
Thu Apr 22 21:44:39 PDT 2010  21        8.31 5.75 2.68 10/174 12085        500000        userspace
Thu Apr 22 21:44:44 PDT 2010  21        8.37 5.80 2.71 10/174 12091        500000        userspace
Thu Apr 22 21:44:50 PDT 2010  21        8.42 5.85 2.75 11/174 12097        500000        userspace
Thu Apr 22 21:44:56 PDT 2010  21        8.39 5.89 2.77 10/174 12103        500000        userspace
Thu Apr 22 21:45:01 PDT 2010  21        8.35 5.92 2.80 11/177 12112        500000        userspace
Thu Apr 22 21:45:06 PDT 2010  21        8.33 5.96 2.83 10/174 12118        500000        userspace
Thu Apr 22 21:45:11 PDT 2010  21        8.30 5.99 2.86 11/174 12124        500000        userspace
Thu Apr 22 21:45:17 PDT 2010  21        8.27 6.02 2.88 10/174 12130        500000        userspace
Thu Apr 22 21:45:22 PDT 2010  21        8.33 6.07 2.92 10/174 12136        500000        userspace
Thu Apr 22 21:45:27 PDT 2010  21        8.55 6.15 2.96 10/174 12142        500000        userspace
Thu Apr 22 21:45:33 PDT 2010  21        8.62 6.25 3.02 10/174 12148        500000        userspace
Thu Apr 22 21:45:38 PDT 2010  21        8.57 6.28 3.05 10/174 12154        500000        userspace
Thu Apr 22 21:45:43 PDT 2010  21        8.52 6.30 3.08 10/174 12160        500000        userspace
Thu Apr 22 21:45:48 PDT 2010  21        8.64 6.37 3.11 10/174 12166        500000        userspace
Thu Apr 22 21:45:54 PDT 2010  21        8.59 6.39 3.14 11/174 12172        500000        userspace
Thu Apr 22 21:45:59 PDT 2010  21        8.54 6.42 3.17 10/174 12178        500000        userspace
Thu Apr 22 21:46:04 PDT 2010  21        8.50 6.44 3.19 10/174 12187        500000        userspace
Thu Apr 22 21:46:10 PDT 2010  21        8.46 6.47 3.22 10/174 12193        500000        userspace
Thu Apr 22 21:46:15 PDT 2010  21        8.42 6.50 3.24 10/174 12199        500000        userspace
Thu Apr 22 21:46:20 PDT 2010  21        8.47 6.54 3.27 11/174 12205        500000        userspace
Thu Apr 22 21:46:26 PDT 2010  21        8.43 6.56 3.30 11/174 12211        500000        userspace
Thu Apr 22 21:46:31 PDT 2010  21        8.39 6.58 3.32 10/174 12217        500000        userspace
Thu Apr 22 21:46:36 PDT 2010  21        8.36 6.61 3.35 11/174 12223        500000        userspace
Thu Apr 22 21:46:41 PDT 2010  21        8.33 6.63 3.37 11/174 12229        500000        userspace
Thu Apr 22 21:46:47 PDT 2010  21        8.31 6.65 3.40 10/174 12235        500000        userspace
Thu Apr 22 21:46:52 PDT 2010  21        8.36 6.69 3.43 10/174 12241        500000        userspace
Thu Apr 22 21:46:57 PDT 2010  21        8.57 6.76 3.47 10/174 12247        500000        userspace
Thu Apr 22 21:47:03 PDT 2010  21        9.10 6.93 3.56 10/174 12256        500000        userspace
Thu Apr 22 21:47:08 PDT 2010  21        9.01 6.95 3.58 10/174 12262        500000        userspace
Thu Apr 22 21:47:13 PDT 2010  21        8.93 6.97 3.61 10/174 12268        500000        userspace
Thu Apr 22 21:47:18 PDT 2010  21        8.93 7.00 3.63 10/174 12274        500000        userspace
Thu Apr 22 21:47:24 PDT 2010  21        8.86 7.02 3.66 10/174 12280        500000        userspace
Thu Apr 22 21:47:29 PDT 2010  21        8.79 7.04 3.68 10/174 12286        500000        userspace
Thu Apr 22 21:47:34 PDT 2010  21        8.73 7.05 3.70 10/174 12292        500000        userspace
Thu Apr 22 21:47:40 PDT 2010  21        8.67 7.07 3.73 10/174 12298        500000        userspace
Thu Apr 22 21:47:45 PDT 2010  21        8.69 7.10 3.76 10/174 12304        500000        userspace
Thu Apr 22 21:47:50 PDT 2010  21        8.72 7.13 3.78 10/174 12310        500000        userspace
Thu Apr 22 21:47:55 PDT 2010  21        8.66 7.14 3.81 10/174 12316        500000        userspace
Thu Apr 22 21:48:01 PDT 2010  21        8.69 7.17 3.83 10/174 12322        500000        userspace
Thu Apr 22 21:48:06 PDT 2010  21        8.63 7.19 3.86 10/174 12331        500000        userspace
Thu Apr 22 21:48:11 PDT 2010  21        8.58 7.20 3.88 11/174 12337        500000        userspace
Thu Apr 22 21:48:17 PDT 2010  21        8.54 7.21 3.90 10/174 12343        500000        userspace
Thu Apr 22 21:48:22 PDT 2010  21        8.57 7.24 3.93 10/174 12349        500000        userspace
Thu Apr 22 21:48:27 PDT 2010  21        8.53 7.26 3.95 10/174 12355        500000        userspace
Thu Apr 22 21:48:32 PDT 2010  21        8.48 7.27 3.97 10/174 12361        500000        userspace
Thu Apr 22 21:48:38 PDT 2010  21        8.87 7.39 4.04 10/174 12367        500000        userspace
Thu Apr 22 21:48:43 PDT 2010  21        8.80 7.40 4.07 10/174 12373        500000        userspace
Thu Apr 22 21:48:48 PDT 2010  21        8.74 7.41 4.09 11/174 12379        500000        userspace
Thu Apr 22 21:48:54 PDT 2010  21        8.68 7.42 4.11 11/174 12385        500000        userspace
Thu Apr 22 21:48:59 PDT 2010  21        8.62 7.43 4.13 10/174 12391        500000        userspace
Thu Apr 22 21:49:04 PDT 2010  21        8.65 7.45 4.15 10/174 12400        500000        userspace
Thu Apr 22 21:49:09 PDT 2010  21        8.60 7.46 4.17 10/174 12406        500000        userspace
Thu Apr 22 21:49:15 PDT 2010  21        8.55 7.47 4.19 11/174 12412        500000        userspace
Thu Apr 22 21:49:20 PDT 2010  21        8.51 7.48 4.21 10/174 12418        500000        userspace
Thu Apr 22 21:49:26 PDT 2010  21        8.47 7.49 4.23 10/174 12424        500000        userspace
Thu Apr 22 21:49:31 PDT 2010  21        8.43 7.50 4.25 10/174 12430        500000        userspace
Thu Apr 22 21:49:36 PDT 2010  21        8.39 7.51 4.27 10/174 12436        500000        userspace
Thu Apr 22 21:49:41 PDT 2010  21        8.36 7.51 4.29 11/174 12442        500000        userspace
Thu Apr 22 21:49:47 PDT 2010  21        8.33 7.52 4.31 10/174 12448        500000        userspace
Thu Apr 22 21:49:52 PDT 2010  21        8.31 7.53 4.33 10/174 12454        500000        userspace
Thu Apr 22 21:49:57 PDT 2010  21        8.28 7.54 4.35 10/174 12460        500000        userspace
Thu Apr 22 21:50:02 PDT 2010  21        8.50 7.59 4.39 10/174 12469        500000        userspace
Thu Apr 22 21:50:08 PDT 2010  21        8.70 7.65 4.42 10/174 12475        500000        userspace
Thu Apr 22 21:50:13 PDT 2010  21        8.96 7.74 4.49 10/174 12481        500000        userspace
Thu Apr 22 21:50:18 PDT 2010  21        8.88 7.75 4.51 10/174 12487        500000        userspace
Thu Apr 22 21:50:24 PDT 2010  21        8.81 7.75 4.53 12/174 12493        500000        userspace
Thu Apr 22 21:50:29 PDT 2010  21        8.75 7.75 4.54 10/174 12499        500000        userspace
Thu Apr 22 21:50:34 PDT 2010  21        8.69 7.76 4.56 10/174 12505        500000        userspace
Thu Apr 22 21:50:39 PDT 2010  21        8.79 7.80 4.59 10/174 12511        500000        userspace
Thu Apr 22 21:50:45 PDT 2010  21        8.73 7.80 4.61 10/174 12517        500000        userspace
Thu Apr 22 21:50:50 PDT 2010  21        8.67 7.80 4.63 10/174 12523        500000        userspace
Thu Apr 22 21:50:55 PDT 2010  21        8.61 7.80 4.65 10/174 12529        500000        userspace
Thu Apr 22 21:51:00 PDT 2010  21        8.57 7.81 4.66 11/174 12535        500000        userspace
Thu Apr 22 21:51:06 PDT 2010  21        8.52 7.81 4.68 10/174 12544        500000        userspace
Thu Apr 22 21:51:11 PDT 2010  21        8.48 7.81 4.70 10/174 12550        500000        userspace
Thu Apr 22 21:51:16 PDT 2010  21        8.52 7.83 4.72 10/174 12556        500000        userspace
Thu Apr 22 21:51:22 PDT 2010  21        8.48 7.83 4.74 10/174 12562        500000        userspace
Thu Apr 22 21:51:27 PDT 2010  21        8.44 7.84 4.76 11/174 12568        500000        userspace
Thu Apr 22 21:51:32 PDT 2010  21        8.48 7.86 4.78 10/174 12574        500000        userspace
Thu Apr 22 21:51:38 PDT 2010  21        8.44 7.86 4.80 10/174 12580        500000        userspace
Thu Apr 22 21:51:43 PDT 2010  21        8.41 7.86 4.81 10/174 12586        500000        userspace
Thu Apr 22 21:51:48 PDT 2010  21        8.57 7.91 4.86 10/174 12592        500000        userspace
Thu Apr 22 21:51:53 PDT 2010  21        8.53 7.91 4.88 11/174 12598        500000        userspace
Thu Apr 22 21:51:59 PDT 2010  21        8.48 7.92 4.90 10/174 12604        500000        userspace
Thu Apr 22 21:52:04 PDT 2010  21        8.45 7.92 4.91 10/174 12613        500000        userspace
Thu Apr 22 21:52:09 PDT 2010  21        8.41 7.92 4.93 10/174 12624        500000        userspace
Thu Apr 22 21:52:15 PDT 2010  21        8.38 7.92 4.94 11/174 12632        500000        userspace
Thu Apr 22 21:52:20 PDT 2010  21        8.51 7.95 4.97 10/174 12640        500000        userspace
Thu Apr 22 21:52:26 PDT 2010  21        8.47 7.95 4.99 10/174 12648        500000        userspace
Thu Apr 22 21:52:31 PDT 2010  21        8.43 7.95 5.00 10/174 12654        500000        userspace
Thu Apr 22 21:52:36 PDT 2010  21        8.47 7.97 5.02 11/174 12662        500000        userspace
Thu Apr 22 21:52:42 PDT 2010  21        8.43 7.97 5.04 11/174 12670        500000        userspace
Thu Apr 22 21:52:47 PDT 2010  21        8.56 8.00 5.07 11/174 12678        500000        userspace
Thu Apr 22 21:52:52 PDT 2010  21        8.52 8.00 5.08 11/174 12686        500000        userspace
Thu Apr 22 21:52:58 PDT 2010  21        8.55 8.02 5.10 10/174 12694        500000        userspace
Thu Apr 22 21:53:03 PDT 2010  21        8.51 8.02 5.12 10/174 12703        500000        userspace
Thu Apr 22 21:53:08 PDT 2010  21        9.05 8.15 5.19 10/174 12711        500000        userspace
Thu Apr 22 21:53:14 PDT 2010  21        8.96 8.15 5.21 10/174 12717        500000        userspace
Thu Apr 22 21:53:19 PDT 2010  21        8.88 8.14 5.22 10/174 12723        500000        userspace
Thu Apr 22 21:53:24 PDT 2010  21        8.97 8.18 5.25 10/174 12729        500000        userspace
Thu Apr 22 21:53:29 PDT 2010  21        8.89 8.17 5.26 11/174 12735        500000        userspace
Thu Apr 22 21:53:35 PDT 2010  21        8.82 8.17 5.28 10/174 12741        500000        userspace
Thu Apr 22 21:53:40 PDT 2010  21        8.84 8.18 5.29 11/174 12747        500000        userspace
Thu Apr 22 21:53:46 PDT 2010  21        9.01 8.23 5.33 10/177 12759        500000        userspace
Thu Apr 22 21:53:51 PDT 2010  21        8.93 8.23 5.34 10/177 12765        500000        userspace
Thu Apr 22 21:53:56 PDT 2010  21        8.93 8.24 5.36 10/177 12771        500000        userspace
Thu Apr 22 21:54:01 PDT 2010  21        8.86 8.23 5.37 10/177 12780        500000        userspace
Thu Apr 22 21:54:07 PDT 2010  21        8.79 8.23 5.39 10/174 12786        500000        userspace
Thu Apr 22 21:54:12 PDT 2010  21        8.73 8.23 5.40 10/174 12792        500000        userspace
Thu Apr 22 21:54:17 PDT 2010  21        8.67 8.22 5.41 11/174 12798        500000        userspace
Thu Apr 22 21:54:22 PDT 2010  21        8.61 8.22 5.43 10/174 12804        500000        userspace
Thu Apr 22 21:54:28 PDT 2010  21        8.64 8.23 5.45 10/174 12810        500000        userspace
Thu Apr 22 21:54:33 PDT 2010  21        8.67 8.24 5.47 10/174 12816        500000        userspace
Thu Apr 22 21:54:38 PDT 2010  21        8.87 8.30 5.51 10/174 12822        500000        userspace
Thu Apr 22 21:54:44 PDT 2010  21        8.88 8.31 5.53 10/174 12828        500000        userspace
Thu Apr 22 21:54:49 PDT 2010  21        8.81 8.31 5.55 10/174 12834        500000        userspace
Thu Apr 22 21:54:54 PDT 2010  21        8.83 8.32 5.56 11/174 12840        500000        userspace
Thu Apr 22 21:54:59 PDT 2010  21        8.76 8.31 5.58 11/174 12846        500000        userspace
Thu Apr 22 21:55:05 PDT 2010  21        8.70 8.31 5.59 10/174 12855        500000        userspace
Thu Apr 22 21:55:10 PDT 2010  21        8.64 8.30 5.60 10/174 12861        500000        userspace
Thu Apr 22 21:55:15 PDT 2010  21        8.59 8.30 5.61 10/174 12867        500000        userspace
Thu Apr 22 21:55:21 PDT 2010  21        8.54 8.29 5.63 10/174 12873        500000        userspace
Thu Apr 22 21:55:26 PDT 2010  21        8.58 8.30 5.65 10/174 12879        500000        userspace
Thu Apr 22 21:55:31 PDT 2010  21        8.53 8.30 5.66 10/174 12885        500000        userspace
Thu Apr 22 21:55:36 PDT 2010  21        8.57 8.31 5.68 10/174 12891        500000        userspace
Thu Apr 22 21:55:42 PDT 2010  21        8.52 8.30 5.69 10/174 12897        500000        userspace
Thu Apr 22 21:55:47 PDT 2010  21        8.48 8.30 5.70 10/174 12903        500000        userspace
Thu Apr 22 21:55:52 PDT 2010  21        8.68 8.34 5.73 10/174 12909        500000        userspace
Thu Apr 22 21:55:58 PDT 2010  21        8.71 8.35 5.75 10/174 12915        500000        userspace
Thu Apr 22 21:56:03 PDT 2010  21        8.65 8.35 5.76 10/174 12924        500000        userspace
Thu Apr 22 21:56:08 PDT 2010  21        8.60 8.34 5.77 10/174 12930        500000        userspace
Thu Apr 22 21:56:13 PDT 2010  21        8.55 8.33 5.78 10/174 12936        500000        userspace
Thu Apr 22 21:56:19 PDT 2010  21        8.91 8.42 5.84 10/174 12942        500000        userspace
Thu Apr 22 21:56:24 PDT 2010  21        8.92 8.43 5.85 10/174 12948        500000        userspace
Thu Apr 22 21:56:29 PDT 2010  21        8.85 8.42 5.86 11/174 12954        500000        userspace
Thu Apr 22 21:56:35 PDT 2010  21        8.78 8.42 5.87 10/174 12960        500000        userspace
Thu Apr 22 21:56:40 PDT 2010  21        8.72 8.41 5.89 10/174 12966        500000        userspace
Thu Apr 22 21:56:45 PDT 2010  21        8.66 8.40 5.90 11/174 12972        500000        userspace
Thu Apr 22 21:56:51 PDT 2010  21        8.61 8.39 5.91 10/174 12978        500000        userspace
Thu Apr 22 21:56:56 PDT 2010  21        8.72 8.42 5.93 10/174 12984        500000        userspace
Thu Apr 22 21:57:01 PDT 2010  21        8.66 8.41 5.94 10/174 12993        500000        userspace
Thu Apr 22 21:57:06 PDT 2010  21        8.61 8.41 5.95 10/174 12999        500000        userspace
Thu Apr 22 21:57:12 PDT 2010  21        8.56 8.40 5.96 10/174 13005        500000        userspace
Thu Apr 22 21:57:17 PDT 2010  21        8.51 8.39 5.97 10/174 13011        500000        userspace
Thu Apr 22 21:57:22 PDT 2010  21        8.47 8.39 5.98 10/174 13017        500000        userspace
Thu Apr 22 21:57:28 PDT 2010  21        8.43 8.38 5.99 10/174 13023        500000        userspace
Thu Apr 22 21:57:33 PDT 2010  21        8.40 8.37 6.01 10/174 13029        500000        userspace
Thu Apr 22 21:57:38 PDT 2010  21        8.37 8.37 6.02 10/174 13035        500000        userspace
Thu Apr 22 21:57:43 PDT 2010  21        8.34 8.36 6.03 10/174 13041        500000        userspace
Thu Apr 22 21:57:49 PDT 2010  21        8.55 8.40 6.05 10/174 13047        500000        userspace
Thu Apr 22 21:57:55 PDT 2010  21        8.54 8.41 6.08 11/174 13053        500000        userspace
Thu Apr 22 21:58:00 PDT 2010  21        8.57 8.42 6.09 10/174 13059        500000        userspace
Thu Apr 22 21:58:05 PDT 2010  21        8.53 8.41 6.10 11/174 13068        500000        userspace
Thu Apr 22 21:58:11 PDT 2010  21        8.49 8.40 6.11 10/174 13074        500000        userspace
Thu Apr 22 21:58:16 PDT 2010  21        8.45 8.39 6.12 10/174 13080        500000        userspace
Thu Apr 22 21:58:21 PDT 2010  21        8.41 8.39 6.13 10/174 13086        500000        userspace
Thu Apr 22 21:58:26 PDT 2010  21        8.46 8.40 6.15 11/174 13092        500000        userspace
Thu Apr 22 21:58:32 PDT 2010  21        8.42 8.39 6.16 10/174 13098        500000        userspace
Thu Apr 22 21:58:37 PDT 2010  21        8.39 8.38 6.17 10/174 13104        500000        userspace
Thu Apr 22 21:58:42 PDT 2010  21        8.36 8.38 6.18 10/174 13110        500000        userspace
Thu Apr 22 21:58:48 PDT 2010  21        8.33 8.37 6.19 11/174 13116        500000        userspace
Thu Apr 22 21:58:53 PDT 2010  21        8.30 8.36 6.20 11/174 13122        500000        userspace
Thu Apr 22 21:58:58 PDT 2010  21        8.28 8.36 6.21 10/174 13128        500000        userspace
Thu Apr 22 21:59:04 PDT 2010  21        8.33 8.37 6.22 10/174 13137        500000        userspace
Thu Apr 22 21:59:09 PDT 2010  21        8.63 8.43 6.25 10/174 13143        500000        userspace
Thu Apr 22 21:59:14 PDT 2010  34        8.99 8.51 6.30 10/174 13149        500000        userspace
Thu Apr 22 21:59:19 PDT 2010  34        9.07 8.54 6.32 10/174 13155        500000        userspace
Thu Apr 22 21:59:25 PDT 2010  34        8.99 8.53 6.33 10/174 13161        500000        userspace
Thu Apr 22 21:59:30 PDT 2010  34        9.07 8.55 6.35 10/174 13167        500000        userspace
Thu Apr 22 21:59:35 PDT 2010  34        8.98 8.54 6.36 10/174 13173        500000        userspace
Thu Apr 22 21:59:40 PDT 2010  34        8.90 8.53 6.37 10/174 13179        500000        userspace
Thu Apr 22 21:59:46 PDT 2010  34        8.83 8.52 6.37 10/174 13185        500000        userspace
Thu Apr 22 21:59:51 PDT 2010  34        8.76 8.52 6.38 10/174 13191        500000        userspace
Thu Apr 22 21:59:56 PDT 2010  34        8.70 8.51 6.39 10/174 13197        500000        userspace
Thu Apr 22 22:00:01 PDT 2010  34        8.64 8.50 6.40 10/174 13206        500000        userspace
Thu Apr 22 22:00:07 PDT 2010  34        8.59 8.49 6.41 10/174 13212        500000        userspace
Thu Apr 22 22:00:12 PDT 2010  34        8.63 8.50 6.42 10/174 13218        500000        userspace
Thu Apr 22 22:00:17 PDT 2010  34        8.58 8.49 6.43 11/174 13224        500000        userspace
Thu Apr 22 22:00:23 PDT 2010  34        8.61 8.50 6.44 10/174 13230        500000        userspace
Thu Apr 22 22:00:28 PDT 2010  34        8.72 8.52 6.46 10/174 13236        500000        userspace
Thu Apr 22 22:00:33 PDT 2010  34        8.66 8.51 6.47 10/174 13242        500000        userspace
Thu Apr 22 22:00:39 PDT 2010  34        8.61 8.51 6.48 11/174 13248        500000        userspace
Thu Apr 22 22:00:44 PDT 2010  34        8.56 8.50 6.49 10/174 13254        500000        userspace
Thu Apr 22 22:00:49 PDT 2010  34        8.76 8.54 6.51 10/174 13260        500000        userspace
Thu Apr 22 22:00:54 PDT 2010  34        8.71 8.54 6.53 10/174 13266        500000        userspace
Thu Apr 22 22:01:00 PDT 2010  34        8.66 8.53 6.54 10/174 13272        500000        userspace
Thu Apr 22 22:01:05 PDT 2010  34        8.60 8.52 6.55 10/174 13281        500000        userspace
Thu Apr 22 22:01:11 PDT 2010  34        8.63 8.53 6.56 10/174 13287        500000        userspace
Thu Apr 22 22:01:16 PDT 2010  34        8.58 8.52 6.57 10/174 13293        500000        userspace
Thu Apr 22 22:01:21 PDT 2010  34        8.54 8.51 6.57 10/174 13299        500000        userspace
Thu Apr 22 22:01:26 PDT 2010  34        8.49 8.50 6.58 10/174 13305        500000        userspace
Thu Apr 22 22:01:32 PDT 2010  34        8.61 8.52 6.60 10/174 13311        500000        userspace
Thu Apr 22 22:01:37 PDT 2010  34        8.72 8.55 6.62 10/174 13317        500000        userspace
Thu Apr 22 22:01:42 PDT 2010  34        8.67 8.54 6.62 10/174 13323        500000        userspace
Thu Apr 22 22:01:47 PDT 2010  34        8.61 8.53 6.63 9/174 13329        500000        userspace
Thu Apr 22 22:01:53 PDT 2010  34        8.56 8.52 6.64 10/174 13335        500000        userspace
Thu Apr 22 22:01:58 PDT 2010  34        8.52 8.51 6.65 10/174 13341        500000        userspace
Thu Apr 22 22:02:03 PDT 2010  34        8.56 8.52 6.66 10/174 13350        500000        userspace
Thu Apr 22 22:02:08 PDT 2010  34        8.51 8.51 6.67 10/174 13356        500000        userspace
Thu Apr 22 22:02:14 PDT 2010  34        8.71 8.55 6.69 10/174 13362        500000        userspace
Thu Apr 22 22:02:19 PDT 2010  34        8.89 8.59 6.71 10/174 13368        500000        userspace
Thu Apr 22 22:02:24 PDT 2010  34        8.83 8.59 6.73 10/174 13374        500000        userspace
Thu Apr 22 22:02:30 PDT 2010  34        8.84 8.60 6.74 10/174 13380        500000        userspace
Thu Apr 22 22:02:35 PDT 2010  34        8.94 8.62 6.76 10/174 13386        500000        userspace
Thu Apr 22 22:02:40 PDT 2010  34        8.86 8.61 6.77 10/174 13392        500000        userspace
Thu Apr 22 22:02:45 PDT 2010  34        8.79 8.60 6.77 10/174 13398        500000        userspace
Thu Apr 22 22:02:51 PDT 2010  34        8.73 8.59 6.78 10/174 13404        500000        userspace
Thu Apr 22 22:02:56 PDT 2010  34        8.67 8.58 6.78 10/174 13410        500000        userspace
Thu Apr 22 22:03:01 PDT 2010  34        8.70 8.58 6.80 10/174 13416        500000        userspace
Thu Apr 22 22:03:07 PDT 2010  34        8.64 8.57 6.80 10/174 13425        500000        userspace
Thu Apr 22 22:03:12 PDT 2010  34        8.59 8.56 6.81 10/174 13436        500000        userspace
Thu Apr 22 22:03:17 PDT 2010  34        8.54 8.55 6.82 10/174 13442        500000        userspace
Thu Apr 22 22:03:23 PDT 2010  34        8.58 8.56 6.83 10/174 13450        500000        userspace
Thu Apr 22 22:03:28 PDT 2010  34        8.61 8.57 6.84 10/174 13458        500000        userspace
Thu Apr 22 22:03:33 PDT 2010  34        8.64 8.58 6.85 11/174 13466        500000        userspace
Thu Apr 22 22:03:38 PDT 2010  34        8.59 8.57 6.86 10/174 13474        500000        userspace
Thu Apr 22 22:03:43 PDT 2010  34        8.62 8.57 6.87 11/176 13482        500000        userspace
Thu Apr 22 22:03:49 PDT 2010  34        8.81 8.61 6.89 10/174 13488        500000        userspace
Thu Apr 22 22:03:55 PDT 2010  34        9.22 8.71 6.94 10/174 13496        500000        userspace
Thu Apr 22 22:04:00 PDT 2010  34        9.20 8.71 6.95 10/174 13504        500000        userspace
Thu Apr 22 22:04:05 PDT 2010  34        9.11 8.70 6.95 11/174 13515        500000        userspace
Thu Apr 22 22:04:11 PDT 2010  34        9.26 8.74 6.97 10/174 13524        500000        userspace
Thu Apr 22 22:04:16 PDT 2010  34        9.24 8.74 6.99 11/174 13531        500000        userspace
Thu Apr 22 22:04:21 PDT 2010  34        9.14 8.73 6.99 11/174 13537        500000        userspace
Thu Apr 22 22:04:27 PDT 2010  34        9.13 8.73 7.00 10/174 13543        500000        userspace
Thu Apr 22 22:04:32 PDT 2010  34        9.12 8.74 7.01 10/174 13549        500000        userspace
Thu Apr 22 22:04:37 PDT 2010  34        9.03 8.72 7.02 10/174 13555        500000        userspace
Thu Apr 22 22:04:42 PDT 2010  34        8.94 8.71 7.02 10/174 13561        500000        userspace
Thu Apr 22 22:04:48 PDT 2010  34        8.95 8.72 7.03 11/174 13567        500000        userspace
Thu Apr 22 22:04:53 PDT 2010  34        8.87 8.70 7.04 10/174 13573        500000        userspace
Thu Apr 22 22:04:58 PDT 2010  34        8.80 8.69 7.04 10/174 13579        500000        userspace
Thu Apr 22 22:05:03 PDT 2010  34        8.82 8.70 7.05 10/174 13588        500000        userspace
Thu Apr 22 22:05:09 PDT 2010  34        8.75 8.69 7.06 10/174 13594        500000        userspace
Thu Apr 22 22:05:14 PDT 2010  34        8.69 8.67 7.06 10/174 13600        500000        userspace
Thu Apr 22 22:05:20 PDT 2010  34        8.88 8.71 7.08 10/174 13606        500000        userspace
Thu Apr 22 22:05:25 PDT 2010  34        9.28 8.80 7.13 10/174 13612        500000        userspace
Thu Apr 22 22:05:30 PDT 2010  34        9.17 8.79 7.13 10/174 13618        500000        userspace
Thu Apr 22 22:05:35 PDT 2010  34        9.08 8.78 7.14 11/174 13624        500000        userspace
Thu Apr 22 22:05:41 PDT 2010  34        8.99 8.76 7.14 10/174 13630        500000        userspace
Thu Apr 22 22:05:46 PDT 2010  34        8.91 8.75 7.15 10/174 13636        500000        userspace
Thu Apr 22 22:05:51 PDT 2010  34        8.92 8.76 7.16 10/174 13642        500000        userspace
Thu Apr 22 22:05:56 PDT 2010  34        8.85 8.74 7.16 10/174 13648        500000        userspace
Thu Apr 22 22:06:02 PDT 2010  34        8.78 8.73 7.17 10/174 13657        500000        userspace
Thu Apr 22 22:06:07 PDT 2010  34        8.72 8.72 7.17 10/174 13663        500000        userspace
Thu Apr 22 22:06:12 PDT 2010  34        8.66 8.71 7.17 10/174 13669        500000        userspace
Thu Apr 22 22:06:18 PDT 2010  34        8.61 8.69 7.18 11/174 13675        500000        userspace
Thu Apr 22 22:06:23 PDT 2010  34        8.56 8.68 7.18 10/174 13681        500000        userspace
Thu Apr 22 22:06:28 PDT 2010  34        8.51 8.67 7.19 10/174 13687        500000        userspace
Thu Apr 22 22:06:33 PDT 2010  34        8.47 8.66 7.19 10/174 13693        500000        userspace
Thu Apr 22 22:06:39 PDT 2010  34        8.43 8.65 7.20 10/174 13699        500000        userspace
Thu Apr 22 22:06:44 PDT 2010  34        8.40 8.64 7.20 10/174 13705        500000        userspace
Thu Apr 22 22:06:49 PDT 2010  34        8.37 8.63 7.20 10/174 13711        500000        userspace
Thu Apr 22 22:06:55 PDT 2010  34        8.34 8.62 7.21 10/174 13717        500000        userspace
Thu Apr 22 22:07:00 PDT 2010  34        8.55 8.65 7.23 10/174 13723        500000        userspace
Thu Apr 22 22:07:05 PDT 2010  34        8.54 8.65 7.24 10/174 13732        500000        userspace
Thu Apr 22 22:07:10 PDT 2010  34        8.57 8.65 7.25 10/174 13738        500000        userspace
Thu Apr 22 22:07:16 PDT 2010  34        8.53 8.64 7.25 10/174 13744        500000        userspace
Thu Apr 22 22:07:21 PDT 2010  34        8.49 8.63 7.26 10/174 13750        500000        userspace
Thu Apr 22 22:07:26 PDT 2010  34        8.45 8.62 7.26 10/174 13756        500000        userspace
Thu Apr 22 22:07:31 PDT 2010  34        8.41 8.61 7.27 10/174 13762        500000        userspace
Thu Apr 22 22:07:37 PDT 2010  34        8.38 8.60 7.27 11/174 13768        500000        userspace
Thu Apr 22 22:07:42 PDT 2010  34        8.35 8.59 7.27 10/174 13774        500000        userspace
Thu Apr 22 22:07:48 PDT 2010  34        8.32 8.58 7.28 11/174 13780        500000        userspace
Thu Apr 22 22:07:53 PDT 2010  34        8.29 8.57 7.28 10/174 13786        500000        userspace
Thu Apr 22 22:07:58 PDT 2010  34        8.27 8.56 7.28 10/174 13792        500000        userspace
Thu Apr 22 22:08:03 PDT 2010  34        8.33 8.57 7.29 10/174 13801        500000        userspace
Thu Apr 22 22:08:09 PDT 2010  34        8.30 8.56 7.30 11/174 13807        500000        userspace
Thu Apr 22 22:08:14 PDT 2010  34        8.28 8.55 7.30 10/174 13813        500000        userspace
Thu Apr 22 22:08:19 PDT 2010  34        8.33 8.56 7.31 10/174 13819        500000        userspace
Thu Apr 22 22:08:24 PDT 2010  34        8.31 8.55 7.31 10/174 13825        500000        userspace
Thu Apr 22 22:08:30 PDT 2010  34        8.28 8.54 7.31 11/174 13831        500000        userspace
Thu Apr 22 22:08:35 PDT 2010  34        8.34 8.54 7.32 10/174 13837        500000        userspace
Thu Apr 22 22:08:40 PDT 2010  34        8.66 8.61 7.36 9/174 13843        500000        userspace
Thu Apr 22 22:08:45 PDT 2010  34        8.60 8.60 7.36 10/174 13849        500000        userspace
Thu Apr 22 22:08:51 PDT 2010  34        8.55 8.59 7.36 10/174 13855        500000        userspace
Thu Apr 22 22:08:56 PDT 2010  34        8.51 8.58 7.37 10/174 13861        500000        userspace
Thu Apr 22 22:09:01 PDT 2010  34        8.47 8.57 7.37 10/174 13870        500000        userspace
Thu Apr 22 22:09:07 PDT 2010  34        8.51 8.57 7.38 11/177 13882        500000        userspace
Thu Apr 22 22:09:12 PDT 2010  34        8.47 8.56 7.38 10/177 13888        500000        userspace
Thu Apr 22 22:09:17 PDT 2010  34        8.43 8.55 7.38 10/177 13894        500000        userspace
Thu Apr 22 22:09:22 PDT 2010  34        8.48 8.56 7.39 10/177 13900        500000        userspace
Thu Apr 22 22:09:28 PDT 2010  34        8.60 8.59 7.41 10/174 13906        500000        userspace
Thu Apr 22 22:09:33 PDT 2010  34        8.63 8.59 7.41 11/174 13912        500000        userspace
Thu Apr 22 22:09:38 PDT 2010  34        8.66 8.60 7.42 10/174 13921        500000        userspace
Thu Apr 22 22:09:43 PDT 2010  34        8.93 8.65 7.45 10/174 13927        500000        userspace
Thu Apr 22 22:09:51 PDT 2010  34        9.18 8.72 7.48 10/174 13933        500000        userspace
Thu Apr 22 22:09:56 PDT 2010  34        9.09 8.70 7.48 10/174 13939        500000        userspace
Thu Apr 22 22:10:01 PDT 2010  34        9.00 8.69 7.48 10/174 13948        500000        userspace
Thu Apr 22 22:10:07 PDT 2010  34        9.00 8.70 7.49 11/174 13954        500000        userspace
Thu Apr 22 22:10:12 PDT 2010  34        8.92 8.68 7.49 10/174 13960        500000        userspace
Thu Apr 22 22:10:17 PDT 2010  34        8.85 8.67 7.50 10/174 13966        500000        userspace
Thu Apr 22 22:10:23 PDT 2010  34        8.78 8.66 7.50 11/174 13972        500000        userspace
Thu Apr 22 22:10:28 PDT 2010  34        8.80 8.67 7.51 10/174 13978        500000        userspace
Thu Apr 22 22:10:33 PDT 2010  34        8.73 8.66 7.51 10/174 13984        500000        userspace
Thu Apr 22 22:10:39 PDT 2010  34        8.75 8.66 7.52 10/174 13990        500000        userspace
Thu Apr 22 22:10:44 PDT 2010  34        8.69 8.65 7.52 10/174 13996        500000        userspace
Thu Apr 22 22:10:49 PDT 2010  34        8.64 8.64 7.52 10/174 14002        500000        userspace
Thu Apr 22 22:10:55 PDT 2010  34        8.75 8.66 7.54 10/174 14008        500000        userspace
Thu Apr 22 22:11:00 PDT 2010  34        8.70 8.66 7.55 10/174 14014        500000        userspace
Thu Apr 22 22:11:05 PDT 2010  34        8.73 8.66 7.55 10/174 14023        500000        userspace
Thu Apr 22 22:11:10 PDT 2010  34        8.67 8.65 7.56 10/174 14029        500000        userspace
Thu Apr 22 22:11:16 PDT 2010  34        8.62 8.64 7.56 10/174 14035        500000        userspace
Thu Apr 22 22:11:21 PDT 2010  34        8.57 8.63 7.56 10/174 14042        500000        userspace
Thu Apr 22 22:11:26 PDT 2010  34        8.52 8.62 7.56 10/174 14049        500000        userspace
Thu Apr 22 22:11:31 PDT 2010  34        8.56 8.62 7.57 10/174 14055        500000        userspace
Thu Apr 22 22:11:37 PDT 2010  34        8.59 8.63 7.58 10/174 14061        500000        userspace
Thu Apr 22 22:11:42 PDT 2010  34        8.55 8.62 7.58 10/174 14067        500000        userspace
Thu Apr 22 22:11:47 PDT 2010  34        8.50 8.61 7.58 10/174 14073        500000        userspace
Thu Apr 22 22:11:53 PDT 2010  34        8.46 8.60 7.58 11/174 14079        500000        userspace
Thu Apr 22 22:11:58 PDT 2010  34        8.42 8.59 7.58 10/174 14085        500000        userspace
Thu Apr 22 22:12:03 PDT 2010  34        8.55 8.61 7.60 10/174 14094        500000        userspace
Thu Apr 22 22:12:09 PDT 2010  34        8.59 8.62 7.60 11/174 14100        500000        userspace
Thu Apr 22 22:12:14 PDT 2010  34        8.54 8.61 7.61 10/174 14106        500000        userspace
Thu Apr 22 22:12:20 PDT 2010  34        8.50 8.60 7.61 10/174 14112        500000        userspace
Thu Apr 22 22:12:25 PDT 2010  34        8.96 8.69 7.65 10/174 14118        500000        userspace
Thu Apr 22 22:12:30 PDT 2010  34        8.88 8.68 7.65 10/174 14124        500000        userspace
Thu Apr 22 22:12:36 PDT 2010  34        8.97 8.70 7.66 10/174 14130        500000        userspace
Thu Apr 22 22:12:41 PDT 2010  34        8.89 8.69 7.66 11/174 14136        500000        userspace
Thu Apr 22 22:12:46 PDT 2010  34        8.82 8.68 7.67 10/174 14142        500000        userspace
Thu Apr 22 22:12:51 PDT 2010  34        8.76 8.67 7.67 10/174 14148        500000        userspace
Thu Apr 22 22:12:57 PDT 2010  34        8.62 8.64 7.66 9/174 14156        500000        userspace
Thu Apr 22 22:13:02 PDT 2010  34        8.49 8.61 7.66 9/174 14165        500000        userspace
Thu Apr 22 22:13:07 PDT 2010  34        8.45 8.60 7.66 9/174 14171        500000        userspace
Thu Apr 22 22:13:13 PDT 2010  34        8.33 8.57 7.66 9/174 14177        500000        userspace
Thu Apr 22 22:13:18 PDT 2010  34        8.22 8.55 7.65 9/174 14183        500000        userspace
Thu Apr 22 22:13:23 PDT 2010  34        8.13 8.52 7.65 9/174 14189        500000        userspace
Thu Apr 22 22:13:28 PDT 2010  34        8.04 8.50 7.64 9/174 14195        500000        userspace
Thu Apr 22 22:13:34 PDT 2010  34        7.95 8.47 7.64 9/174 14201        500000        userspace
Thu Apr 22 22:13:39 PDT 2010  34        7.96 8.46 7.64 9/174 14207        500000        userspace
Thu Apr 22 22:13:44 PDT 2010  34        7.88 8.44 7.64 9/174 14213        500000        userspace
Thu Apr 22 22:13:49 PDT 2010  34        7.81 8.41 7.63 10/174 14219        500000        userspace
Thu Apr 22 22:13:54 PDT 2010  34        7.74 8.39 7.63 9/174 14225        500000        userspace
Thu Apr 22 22:14:00 PDT 2010  34        7.68 8.37 7.63 9/174 14231        500000        userspace
Thu Apr 22 22:14:05 PDT 2010  34        7.87 8.39 7.64 10/174 14240        500000        userspace
Thu Apr 22 22:14:10 PDT 2010  34        7.96 8.40 7.65 9/174 14246        500000        userspace
Thu Apr 22 22:14:15 PDT 2010  34        7.88 8.37 7.64 10/174 14253        500000        userspace
Thu Apr 22 22:14:21 PDT 2010  34        7.81 8.35 7.64 9/174 14263        500000        userspace
Thu Apr 22 22:14:26 PDT 2010  34        7.74 8.33 7.64 10/174 14271        500000        userspace
Thu Apr 22 22:14:31 PDT 2010  34        7.68 8.31 7.63 10/174 14279        500000        userspace
Thu Apr 22 22:14:37 PDT 2010  34        7.79 8.32 7.64 9/174 14287        500000        userspace
Thu Apr 22 22:14:42 PDT 2010  34        7.72 8.29 7.64 10/176 14295        500000        userspace
Thu Apr 22 22:14:47 PDT 2010  34        7.59 8.26 7.63 9/174 14303        500000        userspace
Thu Apr 22 22:14:52 PDT 2010  34        7.46 8.22 7.62 9/174 14311        500000        userspace
Thu Apr 22 22:14:58 PDT 2010  34        7.34 8.18 7.61 8/174 14319        500000        userspace
Thu Apr 22 22:15:03 PDT 2010  34        7.31 8.16 7.61 8/174 14330        500000        userspace
Thu Apr 22 22:15:09 PDT 2010  34        7.21 8.13 7.60 9/174 14338        500000        userspace
Thu Apr 22 22:15:15 PDT 2010  34        7.11 8.09 7.59 9/176 14346        500000        userspace
Thu Apr 22 22:15:20 PDT 2010  34        7.34 8.12 7.60 8/174 14352        500000        userspace
Thu Apr 22 22:15:25 PDT 2010  34        7.56 8.15 7.61 7/174 14360        500000        userspace
Thu Apr 22 22:15:30 PDT 2010  34        7.24 8.06 7.59 7/174 14366        500000        userspace
Thu Apr 22 22:15:36 PDT 2010  34        6.98 8.00 7.57 6/174 14374        500000        userspace
Thu Apr 22 22:15:41 PDT 2010  34        6.58 7.90 7.54 5/174 14384        500000        userspace
Thu Apr 22 22:15:46 PDT 2010  32        6.05 7.77 7.50 1/174 14394        500000        userspace
Thu Apr 22 22:15:51 PDT 2010  31        5.57 7.64 7.46 1/174 14400        500000        userspace
Thu Apr 22 22:15:56 PDT 2010  30        5.12 7.51 7.42 3/174 14406        500000        userspace
Thu Apr 22 22:16:01 PDT 2010  30        4.71 7.38 7.38 3/174 14415        500000        userspace
Thu Apr 22 22:16:06 PDT 2010  30        4.33 7.26 7.34 3/174 14421        500000        userspace
Thu Apr 22 22:16:11 PDT 2010  30        3.98 7.14 7.30 4/174 14427        500000        userspace
Thu Apr 22 22:16:16 PDT 2010  30        3.67 7.02 7.26 3/174 14433        500000        userspace
Thu Apr 22 22:16:21 PDT 2010  30        3.37 6.90 7.22 1/174 14439        500000        userspace
Thu Apr 22 22:16:26 PDT 2010  30        3.10 6.79 7.18 3/174 14445        500000        userspace
Thu Apr 22 22:16:31 PDT 2010  28        2.85 6.68 7.14 3/174 14451        500000        userspace
Thu Apr 22 22:16:37 PDT 2010  28        2.62 6.57 7.10 3/174 14457        500000        userspace
Thu Apr 22 22:16:42 PDT 2010  28        2.41 6.46 7.07 6/174 14463        500000        userspace
Thu Apr 22 22:16:47 PDT 2010  28        2.22 6.35 7.03 3/166 14470        500000        userspace
Thu Apr 22 22:16:52 PDT 2010  28        2.04 6.24 6.99 4/166 14476        500000        userspace
Thu Apr 22 22:16:57 PDT 2010  28        1.88 6.14 6.95 3/166 14482        500000        userspace
Thu Apr 22 22:17:02 PDT 2010  28        1.73 6.04 6.91 3/166 14491        500000        userspace
Thu Apr 22 22:17:07 PDT 2010  28        1.59 5.94 6.88 1/166 14497        500000        userspace
Thu Apr 22 22:17:12 PDT 2010  28        1.46 5.84 6.84 1/166 14503        500000        userspace
Thu Apr 22 22:17:17 PDT 2010  28        1.34 5.74 6.80 3/166 14510        500000        userspace
Thu Apr 22 22:17:22 PDT 2010  28        1.24 5.65 6.77 3/166 14516        500000        userspace
