******Format of cpu stats log file: Date/Time     CPU Temp        Load Average    CPU Frequency   Governor***
Thu Apr 22 23:21:01 CDT 2010  44        0.22 0.48 0.72 7/218 6901        800000        userspace
Thu Apr 22 23:21:06 CDT 2010  44        0.29 0.49 0.72 3/218 6908        800000        userspace
Thu Apr 22 23:21:11 CDT 2010  44        0.42 0.51 0.72 4/218 6914        800000        userspace
Thu Apr 22 23:21:16 CDT 2010  44        0.47 0.52 0.73 4/218 6921        800000        userspace
Thu Apr 22 23:21:21 CDT 2010  45        0.51 0.53 0.73 5/218 6927        800000        userspace
Thu Apr 22 23:21:26 CDT 2010  44        0.71 0.57 0.74 3/219 6934        800000        userspace
Thu Apr 22 23:21:31 CDT 2010  44        0.73 0.57 0.74 4/219 6941        800000        userspace
Thu Apr 22 23:21:36 CDT 2010  44        0.75 0.58 0.74 2/219 6947        800000        userspace
Thu Apr 22 23:21:41 CDT 2010  44        0.85 0.60 0.75 4/218 6953        800000        userspace
Thu Apr 22 23:21:46 CDT 2010  44        0.87 0.61 0.75 1/218 6960        800000        userspace
Thu Apr 22 23:21:51 CDT 2010  44        1.12 0.67 0.77 2/218 6966        800000        userspace
Thu Apr 22 23:21:56 CDT 2010  44        1.11 0.67 0.77 3/218 6974        800000        userspace
Thu Apr 22 23:22:01 CDT 2010  44        1.10 0.68 0.77 2/218 6980        800000        userspace
Thu Apr 22 23:22:06 CDT 2010  44        1.09 0.68 0.77 2/218 6986        800000        userspace
Thu Apr 22 23:22:11 CDT 2010  44        1.08 0.69 0.77 3/218 6992        800000        userspace
Thu Apr 22 23:22:16 CDT 2010  44        1.32 0.74 0.79 2/218 6999        800000        userspace
Thu Apr 22 23:22:21 CDT 2010  44        1.21 0.73 0.78 3/218 7005        800000        userspace
Thu Apr 22 23:22:27 CDT 2010  44        1.27 0.75 0.79 4/218 7012        800000        userspace
Thu Apr 22 23:22:32 CDT 2010  44        1.17 0.74 0.78 2/218 7018        800000        userspace
Thu Apr 22 23:22:37 CDT 2010  44        1.08 0.72 0.78 3/218 7024        800000        userspace
Thu Apr 22 23:22:42 CDT 2010  44        1.23 0.76 0.79 3/218 7030        800000        userspace
Thu Apr 22 23:22:47 CDT 2010  44        1.13 0.75 0.79 4/218 7036        800000        userspace
Thu Apr 22 23:22:52 CDT 2010  44        1.04 0.74 0.78 3/219 7043        800000        userspace
Thu Apr 22 23:22:56 CDT 2010  45        0.96 0.72 0.78 3/220 7055        800000        userspace
Thu Apr 22 23:23:01 CDT 2010  45        0.88 0.71 0.77 5/220 7061        800000        userspace
Thu Apr 22 23:23:06 CDT 2010  45        0.81 0.70 0.77 1/220 7068        800000        userspace
Thu Apr 22 23:23:12 CDT 2010  45        0.82 0.70 0.77 1/220 7074        800000        userspace
Thu Apr 22 23:23:17 CDT 2010  45        0.84 0.71 0.77 6/220 7081        800000        userspace
Thu Apr 22 23:23:22 CDT 2010  48        0.85 0.71 0.77 3/220 7087        800000        userspace
Thu Apr 22 23:23:27 CDT 2010  48        0.86 0.72 0.77 5/220 7093        800000        userspace
Thu Apr 22 23:23:32 CDT 2010  48        0.95 0.74 0.78 6/220 7099        800000        userspace
Thu Apr 22 23:23:37 CDT 2010  48        0.96 0.74 0.78 4/220 7105        800000        userspace
Thu Apr 22 23:23:43 CDT 2010  48        1.20 0.80 0.80 4/220 7111        800000        userspace
Thu Apr 22 23:23:48 CDT 2010  48        1.18 0.80 0.80 4/220 7117        800000        userspace
Thu Apr 22 23:23:53 CDT 2010  48        1.17 0.80 0.80 3/220 7123        800000        userspace
Thu Apr 22 23:23:58 CDT 2010  48        1.24 0.82 0.81 2/220 7129        800000        userspace
Thu Apr 22 23:24:03 CDT 2010  48        1.46 0.87 0.82 3/220 7135        800000        userspace
Thu Apr 22 23:24:08 CDT 2010  49        1.50 0.89 0.83 2/220 7141        800000        userspace
Thu Apr 22 23:24:13 CDT 2010  49        1.54 0.91 0.83 4/220 7147        800000        userspace
Thu Apr 22 23:24:18 CDT 2010  49        2.06 1.03 0.87 2/224 7171        800000        userspace
Thu Apr 22 23:24:24 CDT 2010  49        1.97 1.03 0.87 3/220 7225        800000        userspace
Thu Apr 22 23:24:29 CDT 2010  49        1.89 1.03 0.87 4/220 7231        800000        userspace
Thu Apr 22 23:24:34 CDT 2010  49        1.82 1.03 0.87 4/220 7237        800000        userspace
Thu Apr 22 23:24:39 CDT 2010  52        2.08 1.09 0.90 2/221 7245        800000        userspace
Thu Apr 22 23:24:44 CDT 2010  52        2.71 1.24 0.95 6/220 7251        800000        userspace
Thu Apr 22 23:24:49 CDT 2010  52        3.13 1.35 0.98 3/220 7257        800000        userspace
Thu Apr 22 23:24:55 CDT 2010  49        3.12 1.38 0.99 2/220 7265        800000        userspace
Thu Apr 22 23:25:00 CDT 2010  49        3.11 1.41 1.00 3/220 7271        800000        userspace
Thu Apr 22 23:25:05 CDT 2010  49        3.02 1.44 1.02 5/220 7278        800000        userspace
Thu Apr 22 23:25:10 CDT 2010  49        2.93 1.45 1.02 5/220 7284        800000        userspace
Thu Apr 22 23:25:15 CDT 2010  49        2.78 1.44 1.02 4/220 7323        800000        userspace
Thu Apr 22 23:25:20 CDT 2010  49        2.64 1.44 1.02 2/220 7329        800000        userspace
Thu Apr 22 23:25:25 CDT 2010  49        2.42 1.41 1.02 3/220 7335        800000        userspace
Thu Apr 22 23:25:30 CDT 2010  48        2.39 1.42 1.02 3/220 7347        800000        userspace
Thu Apr 22 23:25:35 CDT 2010  48        2.20 1.40 1.02 2/220 7353        800000        userspace
Thu Apr 22 23:25:40 CDT 2010  48        2.10 1.39 1.02 2/220 7361        800000        userspace
Thu Apr 22 23:25:45 CDT 2010  48        2.09 1.40 1.02 4/221 7369        800000        userspace
Thu Apr 22 23:25:51 CDT 2010  48        2.01 1.39 1.02 4/222 7376        800000        userspace
Thu Apr 22 23:25:56 CDT 2010  48        1.93 1.39 1.02 4/221 7382        800000        userspace
Thu Apr 22 23:26:01 CDT 2010  48        1.93 1.40 1.02 4/221 7389        800000        userspace
Thu Apr 22 23:26:06 CDT 2010  48        1.94 1.41 1.03 4/222 7397        800000        userspace
Thu Apr 22 23:26:11 CDT 2010  48        2.26 1.48 1.06 9/226 7407        800000        userspace
Thu Apr 22 23:26:16 CDT 2010  48        2.56 1.56 1.08 10/227 7414        800000        userspace
Thu Apr 22 23:26:21 CDT 2010  48        3.08 1.68 1.12 8/226 7421        800000        userspace
Thu Apr 22 23:26:27 CDT 2010  48        3.71 1.83 1.18 9/225 7427        800000        userspace
Thu Apr 22 23:26:32 CDT 2010  48        4.45 2.02 1.24 10/225 7433        800000        userspace
Thu Apr 22 23:26:37 CDT 2010  48        4.98 2.17 1.29 8/225 7439        800000        userspace
Thu Apr 22 23:26:42 CDT 2010  48        5.14 2.25 1.32 8/225 7445        800000        userspace
Thu Apr 22 23:26:48 CDT 2010  48        5.21 2.31 1.35 9/225 7451        800000        userspace
Thu Apr 22 23:26:53 CDT 2010  48        5.43 2.41 1.38 9/225 7457        800000        userspace
Thu Apr 22 23:26:58 CDT 2010  48        5.72 2.51 1.42 10/227 7465        800000        userspace
Thu Apr 22 23:27:03 CDT 2010  48        5.98 2.62 1.47 10/227 7472        800000        userspace
Thu Apr 22 23:27:09 CDT 2010  48        6.22 2.73 1.51 10/227 7480        800000        userspace
Thu Apr 22 23:27:14 CDT 2010  48        6.36 2.81 1.54 14/229 7488        800000        userspace
Thu Apr 22 23:27:19 CDT 2010  48        6.65 2.93 1.59 11/229 7495        800000        userspace
Thu Apr 22 23:27:25 CDT 2010  48        7.16 3.10 1.65 13/230 7502        800000        userspace
Thu Apr 22 23:27:30 CDT 2010  48        8.29 3.48 1.78 13/230 7508        800000        userspace
Thu Apr 22 23:27:35 CDT 2010  48        8.59 3.62 1.84 15/231 7517        800000        userspace
Thu Apr 22 23:27:41 CDT 2010  48        8.86 3.76 1.89 13/232 7525        800000        userspace
Thu Apr 22 23:27:46 CDT 2010  48        9.03 3.88 1.94 13/232 7531        800000        userspace
Thu Apr 22 23:27:51 CDT 2010  48        9.19 3.99 1.99 14/232 7537        800000        userspace
Thu Apr 22 23:27:57 CDT 2010  48        9.34 4.11 2.04 13/232 7543        800000        userspace
Thu Apr 22 23:28:02 CDT 2010  48        9.55 4.24 2.09 13/232 7549        800000        userspace
Thu Apr 22 23:28:08 CDT 2010  48        9.66 4.35 2.14 14/232 7556        800000        userspace
Thu Apr 22 23:28:13 CDT 2010  48        10.25 4.56 2.22 15/233 7564        800000        userspace
Thu Apr 22 23:28:18 CDT 2010  48        10.31 4.67 2.27 13/232 7573        800000        userspace
Thu Apr 22 23:28:24 CDT 2010  48        10.29 4.76 2.31 12/233 7581        800000        userspace
Thu Apr 22 23:28:29 CDT 2010  48        10.26 4.84 2.35 15/233 7587        800000        userspace
Thu Apr 22 23:28:34 CDT 2010  48        10.24 4.93 2.39 13/233 7593        800000        userspace
Thu Apr 22 23:28:40 CDT 2010  48        10.62 5.10 2.46 13/233 7599        800000        userspace
Thu Apr 22 23:28:45 CDT 2010  48        10.89 5.24 2.52 13/233 7606        800000        userspace
Thu Apr 22 23:28:50 CDT 2010  48        10.98 5.45 2.61 14/233 7612        800000        userspace
Thu Apr 22 23:28:56 CDT 2010  48        11.06 5.56 2.66 15/233 7618        800000        userspace
Thu Apr 22 23:29:01 CDT 2010  48        11.05 5.65 2.71 12/233 7624        800000        userspace
Thu Apr 22 23:29:06 CDT 2010  48        11.05 5.74 2.75 12/233 7630        800000        userspace
Thu Apr 22 23:29:12 CDT 2010  48        11.04 5.82 2.80 19/231 7642        800000        userspace
Thu Apr 22 23:29:18 CDT 2010  48        11.36 5.98 2.86 13/234 7653        800000        userspace
Thu Apr 22 23:29:23 CDT 2010  48        11.41 6.08 2.91 13/234 7659        800000        userspace
Thu Apr 22 23:29:29 CDT 2010  48        11.54 6.19 2.96 13/234 7667        800000        userspace
Thu Apr 22 23:29:34 CDT 2010  48        11.50 6.27 3.01 13/234 7673        800000        userspace
Thu Apr 22 23:29:40 CDT 2010  48        11.70 6.40 3.07 13/234 7679        800000        userspace
Thu Apr 22 23:29:45 CDT 2010  48        11.72 6.49 3.11 13/234 7685        800000        userspace
Thu Apr 22 23:29:50 CDT 2010  48        11.66 6.56 3.16 14/234 7693        800000        userspace
Thu Apr 22 23:29:56 CDT 2010  48        12.24 6.86 3.29 13/234 7700        800000        userspace
Thu Apr 22 23:30:01 CDT 2010  48        12.30 6.96 3.34 13/234 7706        800000        userspace
Thu Apr 22 23:30:07 CDT 2010  48        12.36 7.06 3.39 13/234 7713        800000        userspace
Thu Apr 22 23:30:12 CDT 2010  48        12.25 7.12 3.43 13/234 7719        800000        userspace
Thu Apr 22 23:30:17 CDT 2010  48        12.39 7.24 3.49 13/233 7727        800000        userspace
Thu Apr 22 23:30:23 CDT 2010  48        12.44 7.33 3.54 14/233 7733        800000        userspace
Thu Apr 22 23:30:28 CDT 2010  48        12.32 7.39 3.58 13/233 7739        800000        userspace
Thu Apr 22 23:30:33 CDT 2010  48        12.14 7.44 3.61 12/233 7745        800000        userspace
Thu Apr 22 23:30:39 CDT 2010  48        12.13 7.51 3.66 13/233 7752        800000        userspace
Thu Apr 22 23:30:44 CDT 2010  48        12.04 7.57 3.70 14/233 7758        800000        userspace
Thu Apr 22 23:30:49 CDT 2010  48        12.03 7.64 3.74 13/233 7764        800000        userspace
Thu Apr 22 23:30:55 CDT 2010  48        12.11 7.73 3.79 14/232 7770        800000        userspace
Thu Apr 22 23:31:00 CDT 2010  48        12.02 7.79 3.83 13/236 7781        800000        userspace
Thu Apr 22 23:31:05 CDT 2010  48        12.26 7.91 3.89 16/236 7787        800000        userspace
Thu Apr 22 23:31:11 CDT 2010  48        12.64 8.06 3.96 14/236 7793        800000        userspace
Thu Apr 22 23:31:16 CDT 2010  48        12.61 8.20 4.05 13/236 7802        800000        userspace
Thu Apr 22 23:31:22 CDT 2010  48        12.64 8.28 4.10 12/236 7808        800000        userspace
Thu Apr 22 23:31:27 CDT 2010  48        12.67 8.36 4.15 13/236 7814        800000        userspace
Thu Apr 22 23:31:32 CDT 2010  48        12.69 8.44 4.19 13/236 7820        800000        userspace
Thu Apr 22 23:31:38 CDT 2010  48        12.72 8.51 4.24 14/236 7827        800000        userspace
Thu Apr 22 23:31:43 CDT 2010  48        12.74 8.59 4.29 13/235 7833        800000        userspace
Thu Apr 22 23:31:48 CDT 2010  48        12.60 8.63 4.32 14/235 7839        800000        userspace
Thu Apr 22 23:31:54 CDT 2010  48        12.71 8.72 4.37 14/235 7845        800000        userspace
Thu Apr 22 23:31:59 CDT 2010  48        12.66 8.77 4.41 15/235 7851        800000        userspace
Thu Apr 22 23:32:04 CDT 2010  48        12.76 8.86 4.47 13/218 7874        800000        userspace
Thu Apr 22 23:32:11 CDT 2010  48        13.26 9.02 4.54 12/220 7906        800000        userspace
Thu Apr 22 23:32:16 CDT 2010  48        13.68 9.25 4.67 13/220 7914        800000        userspace
Thu Apr 22 23:32:21 CDT 2010  48        13.79 9.35 4.72 13/220 7920        800000        userspace
Thu Apr 22 23:32:27 CDT 2010  48        13.64 9.39 4.76 13/220 7926        800000        userspace
Thu Apr 22 23:32:32 CDT 2010  48        13.59 9.45 4.80 14/220 7933        800000        userspace
Thu Apr 22 23:32:37 CDT 2010  48        13.62 9.53 4.85 15/220 7939        800000        userspace
Thu Apr 22 23:32:43 CDT 2010  48        13.57 9.59 4.90 13/220 7945        800000        userspace
Thu Apr 22 23:32:48 CDT 2010  48        13.45 9.63 4.93 15/220 7952        800000        userspace
Thu Apr 22 23:32:53 CDT 2010  48        13.41 9.68 4.98 13/220 7958        800000        userspace
Thu Apr 22 23:32:59 CDT 2010  48        13.38 9.74 5.02 15/224 7972        800000        userspace
Thu Apr 22 23:33:04 CDT 2010  48        13.99 9.92 5.11 13/224 7986        800000        userspace
Thu Apr 22 23:33:09 CDT 2010  48        14.07 10.01 5.16 13/224 8023        800000        userspace
Thu Apr 22 23:33:14 CDT 2010  48        13.82 10.02 5.19 14/224 8029        800000        userspace
Thu Apr 22 23:33:20 CDT 2010  48        13.60 10.04 5.22 14/224 8035        800000        userspace
Thu Apr 22 23:33:25 CDT 2010  48        13.63 10.10 5.27 14/224 8041        800000        userspace
Thu Apr 22 23:33:30 CDT 2010  48        13.90 10.22 5.33 13/224 8048        800000        userspace
Thu Apr 22 23:33:36 CDT 2010  48        14.07 10.37 5.43 14/224 8054        800000        userspace
Thu Apr 22 23:33:41 CDT 2010  48        14.06 10.43 5.48 15/224 8060        800000        userspace
Thu Apr 22 23:33:46 CDT 2010  48        14.06 10.49 5.53 14/224 8066        800000        userspace
Thu Apr 22 23:33:52 CDT 2010  48        14.05 10.55 5.57 13/224 8072        800000        userspace
Thu Apr 22 23:33:57 CDT 2010  48        13.89 10.58 5.60 13/224 8078        800000        userspace
Thu Apr 22 23:34:02 CDT 2010  48        13.74 10.60 5.64 13/225 8086        800000        userspace
Thu Apr 22 23:34:08 CDT 2010  48        13.68 10.64 5.68 15/225 8092        800000        userspace
Thu Apr 22 23:34:13 CDT 2010  48        13.46 10.64 5.71 14/225 8098        800000        userspace
Thu Apr 22 23:34:18 CDT 2010  48        13.34 10.67 5.74 12/225 8105        800000        userspace
Thu Apr 22 23:34:24 CDT 2010  48        13.48 10.74 5.79 16/228 8115        800000        userspace
Thu Apr 22 23:34:29 CDT 2010  48        13.76 10.84 5.85 14/227 8128        800000        userspace
Thu Apr 22 23:34:35 CDT 2010  48        13.70 10.88 5.89 13/227 8134        800000        userspace
Thu Apr 22 23:34:40 CDT 2010  48        13.88 10.96 5.94 12/227 8141        800000        userspace
Thu Apr 22 23:34:45 CDT 2010  48        13.89 11.01 5.98 13/227 8147        800000        userspace
Thu Apr 22 23:34:51 CDT 2010  48        14.06 11.10 6.04 14/228 8154        800000        userspace
Thu Apr 22 23:34:56 CDT 2010  48        14.74 11.34 6.17 12/234 8167        800000        userspace
Thu Apr 22 23:35:01 CDT 2010  48        15.00 11.45 6.23 14/227 8173        800000        userspace
Thu Apr 22 23:35:07 CDT 2010  48        14.76 11.46 6.27 15/227 8180        800000        userspace
Thu Apr 22 23:35:12 CDT 2010  48        14.46 11.45 6.29 13/227 8186        800000        userspace
Thu Apr 22 23:35:17 CDT 2010  48        14.18 11.44 6.32 13/227 8193        800000        userspace
Thu Apr 22 23:35:23 CDT 2010  48        13.93 11.43 6.34 14/227 8199        800000        userspace
Thu Apr 22 23:35:28 CDT 2010  48        13.77 11.44 6.37 13/227 8205        800000        userspace
Thu Apr 22 23:35:33 CDT 2010  48        13.95 11.52 6.42 14/227 8211        600000        userspace
Thu Apr 22 23:35:39 CDT 2010  48        14.19 11.61 6.48 13/227 8218        600000        userspace
Thu Apr 22 23:35:44 CDT 2010  48        14.10 11.63 6.51 12/227 8224        600000        userspace
Thu Apr 22 23:35:49 CDT 2010  48        14.33 11.72 6.57 12/227 8231        600000        userspace
Thu Apr 22 23:35:55 CDT 2010  48        14.30 11.76 6.61 14/227 8237        600000        userspace
Thu Apr 22 23:36:00 CDT 2010  48        14.12 11.76 6.64 13/225 8257        600000        userspace
Thu Apr 22 23:36:05 CDT 2010  48        14.11 11.80 6.68 13/226 8283        600000        userspace
Thu Apr 22 23:36:10 CDT 2010  48        13.94 11.80 6.71 13/226 8290        600000        userspace
Thu Apr 22 23:36:16 CDT 2010  48        13.94 11.84 6.74 12/226 8296        600000        userspace
Thu Apr 22 23:36:21 CDT 2010  53        13.71 11.86 6.81 13/226 8302        600000        userspace
Thu Apr 22 23:36:27 CDT 2010  53        13.50 11.85 6.83 14/226 8309        600000        userspace
Thu Apr 22 23:36:32 CDT 2010  53        13.70 11.91 6.88 12/227 8316        600000        userspace
Thu Apr 22 23:36:37 CDT 2010  53        13.40 11.88 6.89 13/227 8322        600000        userspace
Thu Apr 22 23:36:42 CDT 2010  53        13.29 11.88 6.92 12/227 8328        600000        userspace
Thu Apr 22 23:36:48 CDT 2010  53        13.18 11.89 6.95 14/227 8335        600000        userspace
Thu Apr 22 23:36:53 CDT 2010  53        12.93 11.85 6.96 13/227 8342        600000        userspace
Thu Apr 22 23:36:58 CDT 2010  53        12.69 11.82 6.98 12/227 8348        600000        userspace
Thu Apr 22 23:37:04 CDT 2010  53        12.48 11.79 7.00 12/227 8354        600000        userspace
Thu Apr 22 23:37:09 CDT 2010  53        12.28 11.76 7.01 12/227 8361        600000        userspace
Thu Apr 22 23:37:14 CDT 2010  53        12.10 11.73 7.03 13/227 8369        600000        userspace
Thu Apr 22 23:37:20 CDT 2010  53        11.93 11.70 7.04 13/227 8375        600000        userspace
Thu Apr 22 23:37:25 CDT 2010  53        11.77 11.68 7.06 12/227 8381        600000        userspace
Thu Apr 22 23:37:30 CDT 2010  53        11.63 11.65 7.07 12/227 8388        600000        userspace
Thu Apr 22 23:37:35 CDT 2010  53        11.58 11.64 7.10 12/227 8394        600000        userspace
Thu Apr 22 23:37:41 CDT 2010  53        11.69 11.66 7.13 13/228 8403        600000        userspace
Thu Apr 22 23:37:46 CDT 2010  53        12.12 11.75 7.18 12/228 8411        600000        userspace
Thu Apr 22 23:37:51 CDT 2010  53        11.94 11.72 7.22 12/228 8417        600000        userspace
Thu Apr 22 23:37:57 CDT 2010  53        11.86 11.71 7.24 12/228 8424        600000        userspace
Thu Apr 22 23:38:02 CDT 2010  53        11.79 11.70 7.26 14/228 8430        600000        userspace
Thu Apr 22 23:38:07 CDT 2010  53        11.73 11.69 7.28 13/228 8437        600000        userspace
Thu Apr 22 23:38:12 CDT 2010  53        11.59 11.66 7.29 12/228 8443        600000        userspace
Thu Apr 22 23:38:18 CDT 2010  53        11.54 11.65 7.31 12/228 8449        600000        userspace
Thu Apr 22 23:38:23 CDT 2010  53        11.42 11.62 7.33 13/228 8456        600000        userspace
Thu Apr 22 23:38:28 CDT 2010  53        11.39 11.61 7.35 12/228 8463        600000        userspace
Thu Apr 22 23:38:34 CDT 2010  53        11.35 11.60 7.37 13/227 8469        600000        userspace
Thu Apr 22 23:38:39 CDT 2010  53        11.33 11.59 7.39 13/227 8475        600000        userspace
Thu Apr 22 23:38:44 CDT 2010  53        11.22 11.56 7.40 13/227 8481        600000        userspace
Thu Apr 22 23:38:50 CDT 2010  53        11.12 11.54 7.41 12/227 8489        600000        userspace
Thu Apr 22 23:38:55 CDT 2010  53        11.03 11.51 7.43 12/227 8495        600000        userspace
Thu Apr 22 23:39:00 CDT 2010  53        11.11 11.52 7.45 12/227 8501        600000        userspace
Thu Apr 22 23:39:06 CDT 2010  53        11.02 11.49 7.47 12/227 8507        600000        userspace
Thu Apr 22 23:39:11 CDT 2010  53        11.02 11.48 7.48 12/227 8513        600000        userspace
Thu Apr 22 23:39:16 CDT 2010  53        11.18 11.51 7.51 11/227 8520        600000        userspace
Thu Apr 22 23:39:22 CDT 2010  53        11.53 11.57 7.58 12/227 8526        600000        userspace
Thu Apr 22 23:39:27 CDT 2010  53        11.57 11.58 7.60 13/227 8532        800000        userspace
Thu Apr 22 23:39:32 CDT 2010  53        11.60 11.59 7.62 13/227 8539        800000        userspace
Thu Apr 22 23:39:37 CDT 2010  53        11.55 11.58 7.64 12/227 8545        800000        userspace
Thu Apr 22 23:39:43 CDT 2010  53        11.43 11.55 7.65 14/226 8551        800000        userspace
Thu Apr 22 23:39:48 CDT 2010  53        11.71 11.61 7.69 14/226 8558        800000        userspace
Thu Apr 22 23:39:53 CDT 2010  53        11.98 11.66 7.73 15/226 8565        800000        userspace
Thu Apr 22 23:39:59 CDT 2010  53        12.38 11.75 7.78 15/226 8572        800000        userspace
Thu Apr 22 23:40:04 CDT 2010  53        12.27 11.74 7.80 13/226 8579        800000        userspace
Thu Apr 22 23:40:09 CDT 2010  53        12.25 11.74 7.82 13/226 8585        800000        userspace
Thu Apr 22 23:40:15 CDT 2010  53        12.23 11.75 7.84 15/226 8591        800000        userspace
Thu Apr 22 23:40:20 CDT 2010  53        12.13 11.73 7.86 13/227 8598        800000        userspace
Thu Apr 22 23:40:26 CDT 2010  53        12.04 11.72 7.88 14/227 8604        800000        userspace
Thu Apr 22 23:40:31 CDT 2010  53        12.19 11.76 7.91 12/227 8610        800000        userspace
Thu Apr 22 23:40:36 CDT 2010  53        12.10 11.75 7.93 13/227 8616        800000        userspace
Thu Apr 22 23:40:41 CDT 2010  53        12.33 11.80 7.96 13/227 8622        800000        userspace
Thu Apr 22 23:40:47 CDT 2010  53        12.20 11.79 8.00 14/228 8629        800000        userspace
Thu Apr 22 23:40:52 CDT 2010  53        12.02 11.76 8.01 14/228 8635        800000        userspace
Thu Apr 22 23:40:57 CDT 2010  53        11.86 11.73 8.02 14/228 8642        800000        userspace
Thu Apr 22 23:41:03 CDT 2010  53        11.71 11.70 8.03 12/228 8648        800000        userspace
Thu Apr 22 23:41:08 CDT 2010  53        11.57 11.67 8.04 13/228 8654        800000        userspace
Thu Apr 22 23:41:13 CDT 2010  53        11.45 11.65 8.05 13/228 8661        800000        userspace
Thu Apr 22 23:41:19 CDT 2010  53        11.41 11.64 8.07 12/228 8667        800000        userspace
Thu Apr 22 23:41:26 CDT 2010  58        11.62 11.67 8.10 13/228 8673        800000        userspace
Thu Apr 22 23:41:31 CDT 2010  58        11.89 11.73 8.14 16/235 8686        800000        userspace
Thu Apr 22 23:41:37 CDT 2010  58        12.13 11.79 8.19 15/234 8693        800000        userspace
Thu Apr 22 23:41:42 CDT 2010  58        12.12 11.79 8.21 13/233 8700        800000        userspace
Thu Apr 22 23:41:47 CDT 2010  58        11.95 11.76 8.22 13/233 8706        800000        userspace
Thu Apr 22 23:41:53 CDT 2010  58        12.12 11.80 8.25 12/233 8712        800000        userspace
Thu Apr 22 23:41:58 CDT 2010  58        12.03 11.78 8.27 13/233 8718        800000        userspace
Thu Apr 22 23:42:04 CDT 2010  58        11.94 11.77 8.28 12/233 8724        800000        userspace
Thu Apr 22 23:42:09 CDT 2010  58        11.79 11.74 8.29 13/233 8730        800000        userspace
Thu Apr 22 23:42:14 CDT 2010  58        10.84 11.55 8.25 3/233 8738        800000        userspace
Thu Apr 22 23:42:20 CDT 2010  52        9.97 11.35 8.20 3/233 8744        800000        userspace
Thu Apr 22 23:42:25 CDT 2010  52        9.18 11.17 8.16 5/233 8750        800000        userspace
Thu Apr 22 23:42:30 CDT 2010  52        8.44 10.98 8.11 4/233 8756        800000        userspace
Thu Apr 22 23:42:35 CDT 2010  52        7.77 10.80 8.07 3/233 8762        800000        userspace
Thu Apr 22 23:42:40 CDT 2010  51        7.46 10.68 8.05 2/233 8768        800000        userspace
Thu Apr 22 23:42:45 CDT 2010  51        6.87 10.51 8.00 3/233 8775        800000        userspace
Thu Apr 22 23:42:50 CDT 2010  51        6.32 10.33 7.96 4/233 8781        800000        userspace
Thu Apr 22 23:42:55 CDT 2010  51        5.97 10.19 7.93 5/233 8804        800000        userspace
Thu Apr 22 23:43:00 CDT 2010  51        5.49 10.02 7.89 4/233 8810        800000        userspace
Thu Apr 22 23:43:05 CDT 2010  51        5.05 9.86 7.84 6/233 8818        800000        userspace
Thu Apr 22 23:43:10 CDT 2010  51        4.65 9.69 7.80 3/233 8824        800000        userspace
Thu Apr 22 23:43:15 CDT 2010  49        4.27 9.53 7.76 3/233 8832        800000        userspace
Thu Apr 22 23:43:20 CDT 2010  49        3.93 9.37 7.72 3/233 8838        800000        userspace
Thu Apr 22 23:43:25 CDT 2010  49        3.62 9.22 7.67 3/233 8844        800000        userspace
Thu Apr 22 23:43:30 CDT 2010  49        3.33 9.06 7.63 3/233 8850        800000        userspace
Thu Apr 22 23:43:35 CDT 2010  49        3.06 8.91 7.59 3/233 8856        800000        userspace
Thu Apr 22 23:43:40 CDT 2010  49        2.81 8.76 7.55 4/233 8862        800000        userspace
Thu Apr 22 23:43:46 CDT 2010  49        2.67 8.64 7.52 2/233 8868        800000        userspace
Thu Apr 22 23:43:51 CDT 2010  49        2.54 8.51 7.48 4/233 8875        800000        userspace
Thu Apr 22 23:43:56 CDT 2010  49        2.33 8.37 7.44 4/233 8881        800000        userspace
Thu Apr 22 23:44:01 CDT 2010  49        2.15 8.23 7.40 3/233 8887        800000        userspace
Thu Apr 22 23:44:06 CDT 2010  49        1.97 8.09 7.36 1/233 8893        800000        userspace
Thu Apr 22 23:44:11 CDT 2010  48        1.82 7.96 7.32 4/233 8900        800000        userspace
Thu Apr 22 23:44:16 CDT 2010  49        1.67 7.82 7.28 5/233 8906        800000        userspace
Thu Apr 22 23:44:21 CDT 2010  48        1.54 7.69 7.24 2/233 8912        800000        userspace
Thu Apr 22 23:44:26 CDT 2010  48        1.41 7.57 7.20 3/233 8919        800000        userspace
Thu Apr 22 23:44:31 CDT 2010  48        1.30 7.44 7.16 3/233 8925        800000        userspace
Thu Apr 22 23:44:36 CDT 2010  48        1.20 7.32 7.12 3/233 8931        800000        userspace
Thu Apr 22 23:44:41 CDT 2010  49        1.10 7.19 7.09 4/233 8938        800000        userspace
Thu Apr 22 23:44:46 CDT 2010  49        1.01 7.08 7.05 2/233 8944        800000        userspace
Thu Apr 22 23:44:51 CDT 2010  49        0.93 6.96 7.01 2/233 8950        800000        userspace
Thu Apr 22 23:44:56 CDT 2010  48        0.85 6.84 6.97 2/233 8956        800000        userspace
Thu Apr 22 23:45:01 CDT 2010  48        0.79 6.73 6.93 2/233 8962        800000        userspace
Thu Apr 22 23:45:06 CDT 2010  49        0.72 6.62 6.90 4/233 8968        800000        userspace
Thu Apr 22 23:45:11 CDT 2010  48        0.66 6.51 6.86 4/233 8974        800000        userspace
Thu Apr 22 23:45:16 CDT 2010  49        0.61 6.40 6.82 2/233 8980        800000        userspace
Thu Apr 22 23:45:22 CDT 2010  49        0.56 6.29 6.79 2/233 8986        800000        userspace
Thu Apr 22 23:45:27 CDT 2010  49        0.52 6.19 6.75 2/223 8993        800000        userspace
Thu Apr 22 23:45:32 CDT 2010  49        0.47 6.08 6.71 4/223 8999        800000        userspace
Thu Apr 22 23:45:37 CDT 2010  49        0.60 6.02 6.69 3/223 9005        800000        userspace
Thu Apr 22 23:45:42 CDT 2010  48        0.55 5.92 6.65 3/223 9011        800000        userspace
Thu Apr 22 23:45:47 CDT 2010  48        0.50 5.82 6.61 2/223 9017        800000        userspace
Thu Apr 22 23:45:52 CDT 2010  48        0.46 5.72 6.58 2/223 9023        800000        userspace
Thu Apr 22 23:45:57 CDT 2010  48        0.67 5.68 6.56 4/223 9030        800000        userspace
Thu Apr 22 23:46:02 CDT 2010  48        0.61 5.58 6.52 2/223 9036        800000        userspace
Thu Apr 22 23:46:07 CDT 2010  48        0.80 5.54 6.50 3/223 9042        800000        userspace
Thu Apr 22 23:46:12 CDT 2010  48        0.74 5.45 6.47 3/223 9048        800000        userspace
Thu Apr 22 23:46:17 CDT 2010  48        0.68 5.35 6.43 4/223 9055        800000        userspace
Thu Apr 22 23:46:22 CDT 2010  48        0.63 5.27 6.40 3/223 9061        800000        userspace
Thu Apr 22 23:46:27 CDT 2010  48        0.90 5.24 6.39 3/223 9069        800000        userspace
Thu Apr 22 23:46:32 CDT 2010  48        1.22 5.24 6.38 7/223 9076        800000        userspace
Thu Apr 22 23:46:37 CDT 2010  48        1.73 5.21 6.36 4/223 9084        800000        userspace
Thu Apr 22 23:46:42 CDT 2010  51        1.75 5.16 6.33 2/227 9101        800000        userspace
Thu Apr 22 23:46:47 CDT 2010  51        1.77 5.11 6.31 3/223 9122        800000        userspace
Thu Apr 22 23:46:52 CDT 2010  51        2.03 5.11 6.30 3/224 9153        800000        userspace
Thu Apr 22 23:46:58 CDT 2010  51        2.19 5.09 6.29 3/224 9161        800000        userspace
Thu Apr 22 23:47:03 CDT 2010  52        2.65 5.14 6.30 2/225 9168        800000        userspace
Thu Apr 22 23:47:08 CDT 2010  51        2.44 5.05 6.27 3/223 9176        800000        userspace
Thu Apr 22 23:47:13 CDT 2010  51        2.24 4.97 6.23 2/223 9184        800000        userspace
Thu Apr 22 23:47:18 CDT 2010  48        2.06 4.88 6.20 2/223 9192        800000        userspace
Thu Apr 22 23:47:23 CDT 2010  44        1.98 4.82 6.17 3/223 9199        800000        userspace
Thu Apr 22 23:47:28 CDT 2010  48        1.82 4.74 6.14 3/222 9207        800000        userspace
Thu Apr 22 23:47:33 CDT 2010  47        1.67 4.66 6.10 2/222 9214        800000        userspace
Thu Apr 22 23:47:38 CDT 2010  45        1.54 4.58 6.07 2/222 9221        800000        userspace
Thu Apr 22 23:47:43 CDT 2010  45        1.50 4.52 6.04 2/222 9228        800000        userspace
Thu Apr 22 23:47:48 CDT 2010  45        1.38 4.45 6.01 2/222 9236        800000        userspace
Thu Apr 22 23:47:53 CDT 2010  45        1.27 4.37 5.98 2/222 9242        800000        userspace
Thu Apr 22 23:47:58 CDT 2010  44        1.16 4.30 5.94 2/222 9248        800000        userspace
Thu Apr 22 23:48:03 CDT 2010  45        1.07 4.23 5.91 2/222 9254        800000        userspace
Thu Apr 22 23:48:08 CDT 2010  44        0.98 4.16 5.88 2/222 9261        800000        userspace
Thu Apr 22 23:48:13 CDT 2010  44        0.91 4.09 5.85 3/222 9268        800000        userspace
Thu Apr 22 23:48:18 CDT 2010  44        0.83 4.02 5.82 2/222 9276        800000        userspace
Thu Apr 22 23:48:23 CDT 2010  44        0.77 3.95 5.79 2/222 9284        800000        userspace
Thu Apr 22 23:48:28 CDT 2010  44        0.70 3.89 5.75 2/222 9291        800000        userspace
Thu Apr 22 23:48:33 CDT 2010  44        0.65 3.82 5.72 3/222 9298        800000        userspace
Thu Apr 22 23:48:38 CDT 2010  44        0.60 3.76 5.69 2/222 9305        800000        userspace
Thu Apr 22 23:48:43 CDT 2010  44        0.55 3.70 5.66 2/222 9312        800000        userspace
Thu Apr 22 23:48:48 CDT 2010  44        0.50 3.64 5.63 3/222 9319        800000        userspace
Thu Apr 22 23:48:53 CDT 2010  44        0.46 3.58 5.60 2/222 9328        800000        userspace
Thu Apr 22 23:48:58 CDT 2010  44        0.43 3.52 5.57 2/222 9337        800000        userspace
Thu Apr 22 23:49:04 CDT 2010  42        0.39 3.46 5.54 2/222 9345        800000        userspace
Thu Apr 22 23:49:09 CDT 2010  42        0.36 3.40 5.51 5/222 9353        800000        userspace
Thu Apr 22 23:49:14 CDT 2010  44        0.33 3.34 5.48 2/222 9360        800000        userspace
Thu Apr 22 23:49:19 CDT 2010  42        0.30 3.29 5.45 2/222 9367        800000        userspace
Thu Apr 22 23:49:24 CDT 2010  42        0.28 3.23 5.42 4/222 9374        800000        userspace
Thu Apr 22 23:49:29 CDT 2010  42        0.26 3.18 5.39 2/222 9381        800000        userspace
Thu Apr 22 23:49:34 CDT 2010  42        0.24 3.13 5.36 2/222 9388        800000        userspace
Thu Apr 22 23:49:39 CDT 2010  42        0.22 3.07 5.33 2/222 9395        800000        userspace
Thu Apr 22 23:49:44 CDT 2010  42        0.20 3.02 5.31 2/222 9403        800000        userspace
Thu Apr 22 23:49:49 CDT 2010  42        0.18 2.97 5.28 2/222 9411        800000        userspace
Thu Apr 22 23:49:54 CDT 2010  42        0.17 2.92 5.25 2/222 9418        800000        userspace
Thu Apr 22 23:49:59 CDT 2010  42        0.15 2.87 5.22 2/222 9426        800000        userspace
Thu Apr 22 23:50:04 CDT 2010  42        0.14 2.83 5.19 2/222 9434        800000        userspace
Thu Apr 22 23:50:09 CDT 2010  42        0.13 2.78 5.16 3/222 9441        800000        userspace
Thu Apr 22 23:50:14 CDT 2010  42        0.12 2.73 5.13 2/222 9448        800000        userspace
Thu Apr 22 23:50:19 CDT 2010  42        0.11 2.69 5.11 2/222 9455        800000        userspace
Thu Apr 22 23:50:24 CDT 2010  42        0.10 2.64 5.08 2/222 9462        800000        userspace
Thu Apr 22 23:50:29 CDT 2010  42        0.09 2.60 5.05 2/222 9468        800000        userspace
Thu Apr 22 23:50:34 CDT 2010  42        0.08 2.55 5.02 2/222 9475        800000        userspace
Thu Apr 22 23:50:39 CDT 2010  42        0.08 2.51 5.00 2/222 9482        800000        userspace
Thu Apr 22 23:50:44 CDT 2010  42        0.07 2.47 4.97 3/222 9489        800000        userspace
Thu Apr 22 23:50:49 CDT 2010  41        0.07 2.43 4.94 3/222 9496        800000        userspace
Thu Apr 22 23:50:54 CDT 2010  41        0.06 2.39 4.92 4/222 9503        800000        userspace
Thu Apr 22 23:50:59 CDT 2010  41        0.06 2.35 4.89 3/222 9510        800000        userspace
Thu Apr 22 23:51:04 CDT 2010  41        0.05 2.31 4.86 2/222 9517        800000        userspace
Thu Apr 22 23:51:09 CDT 2010  41        0.05 2.27 4.84 2/222 9526        800000        userspace
Thu Apr 22 23:51:14 CDT 2010  41        0.04 2.23 4.81 2/222 9533        800000        userspace
Thu Apr 22 23:51:20 CDT 2010  41        0.04 2.19 4.78 3/222 9540        800000        userspace
Thu Apr 22 23:51:25 CDT 2010  41        0.04 2.16 4.76 2/222 9547        800000        userspace
Thu Apr 22 23:51:30 CDT 2010  41        0.03 2.12 4.73 2/222 9554        800000        userspace
Thu Apr 22 23:51:35 CDT 2010  41        0.03 2.09 4.71 2/222 9564        800000        userspace
Thu Apr 22 23:51:40 CDT 2010  41        0.03 2.05 4.68 4/222 9571        800000        userspace
Thu Apr 22 23:51:45 CDT 2010  41        0.02 2.02 4.66 2/222 9577        800000        userspace
Thu Apr 22 23:51:50 CDT 2010  41        0.02 1.98 4.63 2/222 9586        800000        userspace
Thu Apr 22 23:51:55 CDT 2010  41        0.02 1.95 4.61 2/222 9593        800000        userspace
Thu Apr 22 23:52:00 CDT 2010  41        0.02 1.92 4.58 2/222 9599        800000        userspace
Thu Apr 22 23:52:05 CDT 2010  41        0.02 1.89 4.56 2/222 9605        800000        userspace
Thu Apr 22 23:52:10 CDT 2010  41        0.02 1.85 4.53 2/222 9612        800000        userspace
Thu Apr 22 23:52:15 CDT 2010  41        0.01 1.82 4.51 2/222 9619        800000        userspace
Thu Apr 22 23:52:20 CDT 2010  41        0.09 1.81 4.49 2/222 9625        800000        userspace
Thu Apr 22 23:52:25 CDT 2010  41        0.08 1.78 4.46 2/222 9634        800000        userspace
Thu Apr 22 23:52:30 CDT 2010  41        0.08 1.75 4.44 2/222 9640        800000        userspace
Thu Apr 22 23:52:35 CDT 2010  41        0.07 1.72 4.41 2/222 9647        800000        userspace
Thu Apr 22 23:52:40 CDT 2010  41        0.07 1.69 4.39 2/222 9654        800000        userspace
Thu Apr 22 23:52:45 CDT 2010  39        0.06 1.66 4.37 2/222 9664        800000        userspace
Thu Apr 22 23:52:50 CDT 2010  41        0.06 1.63 4.34 2/222 9671        800000        userspace
Thu Apr 22 23:52:55 CDT 2010  39        0.05 1.61 4.32 2/222 9677        800000        userspace
Thu Apr 22 23:53:00 CDT 2010  39        0.05 1.58 4.30 2/222 9684        800000        userspace
Thu Apr 22 23:53:05 CDT 2010  39        0.04 1.55 4.27 2/222 9691        800000        userspace
Thu Apr 22 23:53:10 CDT 2010  39        0.04 1.53 4.25 2/222 9701        800000        userspace
Thu Apr 22 23:53:15 CDT 2010  39        0.04 1.50 4.23 2/222 9708        800000        userspace
Thu Apr 22 23:53:20 CDT 2010  39        0.03 1.48 4.20 2/222 9715        800000        userspace
Thu Apr 22 23:53:25 CDT 2010  39        0.03 1.45 4.18 2/222 9722        800000        userspace
Thu Apr 22 23:53:30 CDT 2010  39        0.03 1.43 4.16 2/222 9729        800000        userspace
Thu Apr 22 23:53:36 CDT 2010  39        0.02 1.40 4.14 2/222 9736        800000        userspace
Thu Apr 22 23:53:41 CDT 2010  39        0.02 1.38 4.11 2/222 9742        800000        userspace
Thu Apr 22 23:53:46 CDT 2010  39        0.02 1.36 4.09 2/222 9752        800000        userspace
Thu Apr 22 23:53:51 CDT 2010  39        0.02 1.33 4.07 2/222 9762        800000        userspace
Thu Apr 22 23:53:56 CDT 2010  39        0.02 1.31 4.05 3/222 9771        800000        userspace
Thu Apr 22 23:54:01 CDT 2010  39        0.02 1.29 4.02 2/222 9778        800000        userspace
Thu Apr 22 23:54:06 CDT 2010  39        0.01 1.27 4.00 2/222 9788        800000        userspace
Thu Apr 22 23:54:11 CDT 2010  39        0.01 1.25 3.98 2/222 9795        800000        userspace
Thu Apr 22 23:54:16 CDT 2010  39        0.01 1.23 3.96 3/222 9802        800000        userspace
Thu Apr 22 23:54:21 CDT 2010  39        0.01 1.21 3.94 2/222 9808        800000        userspace
Thu Apr 22 23:54:26 CDT 2010  39        0.01 1.19 3.92 2/222 9815        800000        userspace
Thu Apr 22 23:54:31 CDT 2010  39        0.01 1.17 3.89 2/222 9822        800000        userspace
Thu Apr 22 23:54:36 CDT 2010  39        0.01 1.15 3.87 2/222 9829        800000        userspace
Thu Apr 22 23:54:41 CDT 2010  39        0.01 1.13 3.85 2/222 9836        800000        userspace
Thu Apr 22 23:54:46 CDT 2010  39        0.01 1.11 3.83 2/222 9843        800000        userspace
Thu Apr 22 23:54:51 CDT 2010  39        0.00 1.09 3.81 3/222 9850        800000        userspace
Thu Apr 22 23:54:56 CDT 2010  39        0.00 1.07 3.79 3/222 9857        800000        userspace
Thu Apr 22 23:55:01 CDT 2010  39        0.00 1.05 3.77 2/222 9864        800000        userspace
Thu Apr 22 23:55:06 CDT 2010  39        0.00 1.04 3.75 2/222 9871        800000        userspace
Thu Apr 22 23:55:11 CDT 2010  39        0.00 1.02 3.73 2/222 9878        800000        userspace
Thu Apr 22 23:55:16 CDT 2010  39        0.00 1.00 3.71 2/222 9885        800000        userspace
Thu Apr 22 23:55:21 CDT 2010  39        0.00 0.98 3.69 2/222 9892        800000        userspace
Thu Apr 22 23:55:26 CDT 2010  38        0.00 0.97 3.67 3/222 9899        800000        userspace
Thu Apr 22 23:55:31 CDT 2010  38        0.00 0.95 3.65 2/222 9906        800000        userspace
Thu Apr 22 23:55:36 CDT 2010  38        0.00 0.93 3.63 2/222 9913        800000        userspace
Thu Apr 22 23:55:41 CDT 2010  38        0.00 0.92 3.61 2/222 9922        800000        userspace
Thu Apr 22 23:55:46 CDT 2010  38        0.00 0.90 3.59 2/222 9929        800000        userspace
Thu Apr 22 23:55:52 CDT 2010  38        0.00 0.89 3.57 2/222 9935        800000        userspace
Thu Apr 22 23:55:57 CDT 2010  38        0.00 0.87 3.55 2/222 9942        800000        userspace
Thu Apr 22 23:56:02 CDT 2010  42        0.16 0.89 3.54 3/230 9964        800000        userspace
Thu Apr 22 23:56:07 CDT 2010  42        0.55 0.96 3.55 5/230 9971        800000        userspace
Thu Apr 22 23:56:12 CDT 2010  42        0.50 0.94 3.53 3/223 9978        800000        userspace
Thu Apr 22 23:56:21 CDT 2010  42        1.55 1.14 3.57 6/214 9992        800000        userspace
Thu Apr 22 23:56:27 CDT 2010  42        1.42 1.12 3.55 2/208 10007        800000        userspace
Thu Apr 22 23:56:32 CDT 2010  42        1.31 1.11 3.53 2/208 10013        800000        userspace
Thu Apr 22 23:56:37 CDT 2010  41        1.20 1.09 3.51 2/208 10019        800000        userspace
Thu Apr 22 23:56:42 CDT 2010  41        1.11 1.07 3.49 2/208 10025        800000        userspace
Thu Apr 22 23:56:47 CDT 2010  39        1.02 1.05 3.47 2/208 10031        800000        userspace
Thu Apr 22 23:56:52 CDT 2010  39        0.94 1.03 3.45 2/208 10037        800000        userspace
Thu Apr 22 23:56:57 CDT 2010  39        0.86 1.02 3.43 2/208 10043        800000        userspace
Thu Apr 22 23:57:02 CDT 2010  39        0.79 1.00 3.41 2/208 10049        800000        userspace
Thu Apr 22 23:57:07 CDT 2010  39        0.73 0.98 3.40 1/208 10055        800000        userspace
Thu Apr 22 23:57:12 CDT 2010  39        0.67 0.97 3.38 3/208 10061        800000        userspace
Thu Apr 22 23:57:17 CDT 2010  39        0.62 0.95 3.36 2/205 10067        800000        userspace
Thu Apr 22 23:57:22 CDT 2010  39        0.81 0.98 3.36 3/206 10079        800000        userspace
Thu Apr 22 23:57:27 CDT 2010  44        1.14 1.05 3.37 3/210 10101        800000        userspace
Thu Apr 22 23:57:32 CDT 2010  44        1.21 1.07 3.36 2/210 10108        800000        userspace
Thu Apr 22 23:57:37 CDT 2010  41        1.11 1.05 3.34 2/210 10115        800000        userspace
Thu Apr 22 23:57:42 CDT 2010  41        1.02 1.03 3.32 3/212 10125        800000        userspace
Thu Apr 22 23:57:47 CDT 2010  42        0.94 1.01 3.30 2/212 10135        800000        userspace
Thu Apr 22 23:57:52 CDT 2010  41        0.87 1.00 3.29 3/212 10144        800000        userspace
Thu Apr 22 23:57:57 CDT 2010  41        0.80 0.98 3.27 3/212 10151        800000        userspace
Thu Apr 22 23:58:02 CDT 2010  41        0.73 0.96 3.25 2/212 10159        800000        userspace
Thu Apr 22 23:58:07 CDT 2010  41        0.67 0.95 3.23 2/212 10166        800000        userspace
Thu Apr 22 23:58:12 CDT 2010  41        0.62 0.93 3.21 3/212 10172        800000        userspace
Thu Apr 22 23:58:17 CDT 2010  41        0.57 0.91 3.20 2/212 10181        800000        userspace
Thu Apr 22 23:58:22 CDT 2010  41        0.52 0.90 3.18 2/212 10188        800000        userspace
Thu Apr 22 23:58:27 CDT 2010  41        0.64 0.92 3.17 2/212 10197        800000        userspace
Thu Apr 22 23:58:32 CDT 2010  39        0.59 0.90 3.16 2/212 10203        800000        userspace
Thu Apr 22 23:58:38 CDT 2010  39        0.54 0.89 3.14 2/212 10210        800000        userspace
Thu Apr 22 23:58:43 CDT 2010  39        0.50 0.87 3.12 2/212 10217        800000        userspace
Thu Apr 22 23:58:48 CDT 2010  39        0.46 0.86 3.10 2/212 10224        800000        userspace
Thu Apr 22 23:58:53 CDT 2010  39        0.42 0.84 3.09 3/214 10236        800000        userspace
Thu Apr 22 23:58:58 CDT 2010  39        0.39 0.83 3.07 2/214 10246        800000        userspace
Thu Apr 22 23:59:03 CDT 2010  39        0.36 0.81 3.05 2/214 10253        800000        userspace
Thu Apr 22 23:59:08 CDT 2010  39        0.33 0.80 3.04 2/214 10260        800000        userspace
Thu Apr 22 23:59:13 CDT 2010  39        0.30 0.79 3.02 2/214 10267        800000        userspace
Thu Apr 22 23:59:18 CDT 2010  39        0.28 0.77 3.00 3/214 10274        800000        userspace
Thu Apr 22 23:59:23 CDT 2010  39        0.25 0.76 2.99 2/214 10281        800000        userspace
Thu Apr 22 23:59:28 CDT 2010  39        0.23 0.75 2.97 2/214 10287        800000        userspace
Thu Apr 22 23:59:33 CDT 2010  39        0.21 0.73 2.96 3/214 10294        600000        userspace
Thu Apr 22 23:59:38 CDT 2010  39        0.20 0.72 2.94 2/214 10305        600000        userspace
Thu Apr 22 23:59:43 CDT 2010  38        0.18 0.71 2.92 2/214 10312        600000        userspace
Thu Apr 22 23:59:48 CDT 2010  38        0.17 0.70 2.91 2/214 10321        600000        userspace
Thu Apr 22 23:59:53 CDT 2010  38        0.15 0.69 2.89 2/214 10327        600000        userspace
Thu Apr 22 23:59:58 CDT 2010  38        0.14 0.67 2.88 2/214 10334        600000        userspace
Fri Apr 23 00:00:03 CDT 2010  38        0.13 0.66 2.86 3/214 10341        600000        userspace
Fri Apr 23 00:00:08 CDT 2010  39        0.12 0.65 2.85 2/214 10348        600000        userspace
Fri Apr 23 00:00:13 CDT 2010  39        0.11 0.64 2.83 3/214 10355        600000        userspace
Fri Apr 23 00:00:18 CDT 2010  39        0.34 0.68 2.83 2/214 10364        600000        userspace
Fri Apr 23 00:00:24 CDT 2010  39        0.31 0.67 2.81 2/214 10371        600000        userspace
Fri Apr 23 00:00:29 CDT 2010  38        0.29 0.66 2.80 4/214 10377        600000        userspace
Fri Apr 23 00:00:34 CDT 2010  38        0.26 0.64 2.78 2/214 10384        600000        userspace
Fri Apr 23 00:00:39 CDT 2010  38        0.24 0.63 2.77 2/214 10390        600000        userspace
Fri Apr 23 00:00:44 CDT 2010  38        0.22 0.62 2.75 3/214 10397        600000        userspace
Fri Apr 23 00:00:49 CDT 2010  39        0.28 0.63 2.74 2/215 10404        600000        userspace
Fri Apr 23 00:00:54 CDT 2010  39        0.26 0.62 2.73 2/215 10410        600000        userspace
Fri Apr 23 00:00:59 CDT 2010  39        0.48 0.66 2.73 2/215 10416        600000        userspace
Fri Apr 23 00:01:04 CDT 2010  39        0.44 0.65 2.71 2/215 10422        600000        userspace
Fri Apr 23 00:01:09 CDT 2010  39        0.65 0.69 2.72 2/215 10428        600000        userspace
Fri Apr 23 00:01:14 CDT 2010  38        0.59 0.67 2.70 2/215 10434        600000        userspace
Fri Apr 23 00:01:19 CDT 2010  38        0.55 0.66 2.69 2/215 10440        600000        userspace
Fri Apr 23 00:01:24 CDT 2010  38        0.50 0.65 2.67 2/215 10447        600000        userspace
Fri Apr 23 00:01:29 CDT 2010  38        0.70 0.69 2.67 3/215 10454        600000        userspace
Fri Apr 23 00:01:34 CDT 2010  38        0.65 0.68 2.66 2/215 10463        600000        userspace
Fri Apr 23 00:01:39 CDT 2010  38        0.59 0.67 2.64 2/215 10470        600000        userspace
Fri Apr 23 00:01:44 CDT 2010  38        0.55 0.66 2.63 2/215 10477        600000        userspace
Fri Apr 23 00:01:49 CDT 2010  38        0.50 0.64 2.62 2/214 10485        600000        userspace
Fri Apr 23 00:01:54 CDT 2010  38        0.46 0.63 2.60 2/214 10493        600000        userspace
Fri Apr 23 00:01:59 CDT 2010  38        0.66 0.67 2.60 2/214 10500        600000        userspace
Fri Apr 23 00:02:04 CDT 2010  38        0.85 0.71 2.61 3/214 10507        600000        userspace
Fri Apr 23 00:02:10 CDT 2010  38        1.02 0.75 2.61 2/214 10514        600000        userspace
Fri Apr 23 00:02:15 CDT 2010  38        1.01 0.76 2.59 2/214 10523        600000        userspace
Fri Apr 23 00:02:20 CDT 2010  38        0.93 0.74 2.58 2/214 10532        600000        userspace
Fri Apr 23 00:02:25 CDT 2010  38        0.86 0.73 2.56 3/214 10539        600000        userspace
Fri Apr 23 00:02:30 CDT 2010  38        0.79 0.72 2.55 2/214 10546        600000        userspace
Fri Apr 23 00:02:35 CDT 2010  38        0.72 0.71 2.53 2/214 10553        600000        userspace
Fri Apr 23 00:02:40 CDT 2010  37        0.67 0.69 2.52 2/214 10560        600000        userspace
Fri Apr 23 00:02:45 CDT 2010  37        0.61 0.68 2.51 3/214 10567        600000        userspace
Fri Apr 23 00:02:50 CDT 2010  37        0.56 0.67 2.49 2/214 10574        600000        userspace
Fri Apr 23 00:02:55 CDT 2010  38        0.52 0.66 2.48 2/214 10581        600000        userspace
Fri Apr 23 00:03:00 CDT 2010  38        0.64 0.68 2.48 2/214 10588        600000        userspace
Fri Apr 23 00:03:05 CDT 2010  38        0.59 0.67 2.46 2/214 10595        600000        userspace
Fri Apr 23 00:03:10 CDT 2010  37        0.54 0.66 2.45 2/214 10602        600000        userspace
Fri Apr 23 00:03:15 CDT 2010  37        0.49 0.65 2.43 2/214 10611        600000        userspace
Fri Apr 23 00:03:20 CDT 2010  37        0.45 0.64 2.42 2/214 10618        600000        userspace
Fri Apr 23 00:03:25 CDT 2010  37        0.42 0.63 2.41 2/214 10625        600000        userspace
Fri Apr 23 00:03:30 CDT 2010  37        0.38 0.61 2.40 3/214 10632        600000        userspace
Fri Apr 23 00:03:35 CDT 2010  37        0.35 0.60 2.38 2/214 10639        600000        userspace
Fri Apr 23 00:03:40 CDT 2010  37        0.32 0.59 2.37 2/214 10646        600000        userspace
Fri Apr 23 00:03:45 CDT 2010  37        0.30 0.58 2.36 3/214 10652        600000        userspace
Fri Apr 23 00:03:50 CDT 2010  37        0.27 0.57 2.34 2/214 10659        600000        userspace
Fri Apr 23 00:03:55 CDT 2010  37        0.25 0.56 2.33 2/214 10666        600000        userspace
Fri Apr 23 00:04:00 CDT 2010  37        0.39 0.59 2.33 3/214 10672        600000        userspace
Fri Apr 23 00:04:06 CDT 2010  37        0.36 0.58 2.32 2/214 10682        600000        userspace
Fri Apr 23 00:04:11 CDT 2010  37        0.33 0.57 2.30 2/214 10689        600000        userspace
Fri Apr 23 00:04:16 CDT 2010  37        0.30 0.56 2.29 3/214 10696        600000        userspace
Fri Apr 23 00:04:21 CDT 2010  37        0.28 0.55 2.28 4/214 10702        600000        userspace
Fri Apr 23 00:04:26 CDT 2010  37        0.26 0.54 2.27 3/214 10708        600000        userspace
Fri Apr 23 00:04:31 CDT 2010  37        0.24 0.53 2.25 2/214 10714        600000        userspace
Fri Apr 23 00:04:36 CDT 2010  37        0.22 0.52 2.24 2/214 10722        600000        userspace
Fri Apr 23 00:04:41 CDT 2010  37        0.20 0.51 2.23 2/214 10730        600000        userspace
Fri Apr 23 00:04:46 CDT 2010  37        0.18 0.50 2.22 2/214 10736        600000        userspace
Fri Apr 23 00:04:51 CDT 2010  37        0.17 0.50 2.20 2/214 10742        600000        userspace
Fri Apr 23 00:04:56 CDT 2010  37        0.31 0.52 2.20 3/214 10748        600000        userspace
Fri Apr 23 00:05:01 CDT 2010  37        0.29 0.51 2.19 3/214 10754        600000        userspace
Fri Apr 23 00:05:06 CDT 2010  37        0.27 0.50 2.18 2/214 10761        600000        userspace
Fri Apr 23 00:05:11 CDT 2010  37        0.24 0.49 2.17 2/214 10767        600000        userspace
Fri Apr 23 00:05:16 CDT 2010  37        0.22 0.49 2.15 2/214 10774        600000        userspace
Fri Apr 23 00:05:21 CDT 2010  37        0.21 0.48 2.14 2/214 10780        600000        userspace
Fri Apr 23 00:05:26 CDT 2010  37        0.19 0.47 2.13 2/214 10789        600000        userspace
Fri Apr 23 00:05:31 CDT 2010  37        0.17 0.46 2.12 2/214 10800        600000        userspace
Fri Apr 23 00:05:36 CDT 2010  37        0.16 0.45 2.11 3/214 10809        600000        userspace
Fri Apr 23 00:05:41 CDT 2010  37        0.15 0.45 2.10 3/214 10820        600000        userspace
Fri Apr 23 00:05:46 CDT 2010  37        0.13 0.44 2.08 2/214 10827        600000        userspace
Fri Apr 23 00:05:51 CDT 2010  37        0.12 0.43 2.07 3/214 10833        600000        userspace
Fri Apr 23 00:05:57 CDT 2010  37        0.11 0.42 2.06 2/214 10841        600000        userspace
Fri Apr 23 00:06:02 CDT 2010  37        0.10 0.42 2.05 2/214 10850        600000        userspace
Fri Apr 23 00:06:07 CDT 2010  37        0.10 0.41 2.04 2/214 10859        600000        userspace
Fri Apr 23 00:06:12 CDT 2010  37        0.09 0.40 2.03 2/214 10866        600000        userspace
Fri Apr 23 00:06:17 CDT 2010  37        0.08 0.39 2.02 2/214 10873        600000        userspace
Fri Apr 23 00:06:22 CDT 2010  37        0.07 0.39 2.01 2/214 10880        600000        userspace
Fri Apr 23 00:06:27 CDT 2010  37        0.07 0.38 1.99 2/214 10886        600000        userspace
Fri Apr 23 00:06:32 CDT 2010  37        0.06 0.37 1.98 2/214 10892        600000        userspace
Fri Apr 23 00:06:37 CDT 2010  37        0.06 0.37 1.97 2/214 10899        600000        userspace
Fri Apr 23 00:06:42 CDT 2010  37        0.05 0.36 1.96 3/214 10906        600000        userspace
Fri Apr 23 00:06:47 CDT 2010  37        0.05 0.36 1.95 2/214 10913        600000        userspace
Fri Apr 23 00:06:52 CDT 2010  35        0.04 0.35 1.94 2/214 10920        600000        userspace
Fri Apr 23 00:06:57 CDT 2010  37        0.04 0.34 1.93 2/214 10927        600000        userspace
Fri Apr 23 00:07:02 CDT 2010  37        0.04 0.34 1.92 2/214 10934        600000        userspace
Fri Apr 23 00:07:07 CDT 2010  37        0.03 0.33 1.91 2/214 10940        600000        userspace
Fri Apr 23 00:07:12 CDT 2010  37        0.03 0.33 1.90 2/214 10949        600000        userspace
Fri Apr 23 00:07:17 CDT 2010  35        0.03 0.32 1.89 3/214 10957        600000        userspace
Fri Apr 23 00:07:22 CDT 2010  37        0.02 0.31 1.88 2/214 10964        600000        userspace
Fri Apr 23 00:07:27 CDT 2010  35        0.02 0.31 1.87 2/214 10971        600000        userspace
Fri Apr 23 00:07:32 CDT 2010  35        0.02 0.30 1.86 2/214 10980        600000        userspace
Fri Apr 23 00:07:37 CDT 2010  37        0.02 0.30 1.85 2/214 10988        600000        userspace
Fri Apr 23 00:07:42 CDT 2010  37        0.02 0.29 1.84 2/214 10995        600000        userspace
Fri Apr 23 00:07:48 CDT 2010  35        0.02 0.29 1.83 3/213 11003        600000        userspace
Fri Apr 23 00:07:53 CDT 2010  37        0.01 0.28 1.82 3/214 11011        600000        userspace
Fri Apr 23 00:07:58 CDT 2010  37        0.01 0.28 1.81 3/214 11018        600000        userspace
Fri Apr 23 00:08:03 CDT 2010  35        0.01 0.27 1.80 2/214 11025        600000        userspace
Fri Apr 23 00:08:08 CDT 2010  37        0.01 0.27 1.79 2/214 11032        600000        userspace
Fri Apr 23 00:08:13 CDT 2010  35        0.01 0.26 1.78 2/214 11039        600000        userspace
Fri Apr 23 00:08:18 CDT 2010  35        0.01 0.26 1.77 2/214 11046        600000        userspace
Fri Apr 23 00:08:23 CDT 2010  35        0.01 0.25 1.76 2/214 11053        600000        userspace
Fri Apr 23 00:08:28 CDT 2010  35        0.01 0.25 1.75 2/214 11060        600000        userspace
Fri Apr 23 00:08:33 CDT 2010  35        0.01 0.25 1.74 2/214 11066        600000        userspace
Fri Apr 23 00:08:38 CDT 2010  35        0.00 0.24 1.73 2/214 11073        600000        userspace
Fri Apr 23 00:08:43 CDT 2010  35        0.00 0.24 1.72 2/214 11080        600000        userspace
Fri Apr 23 00:08:48 CDT 2010  35        0.00 0.23 1.71 2/214 11087        600000        userspace
Fri Apr 23 00:08:53 CDT 2010  35        0.00 0.23 1.70 2/214 11094        600000        userspace
Fri Apr 23 00:08:58 CDT 2010  35        0.00 0.22 1.69 3/214 11101        600000        userspace
Fri Apr 23 00:09:03 CDT 2010  35        0.00 0.22 1.68 2/214 11108        600000        userspace
Fri Apr 23 00:09:08 CDT 2010  35        0.00 0.22 1.67 2/214 11115        600000        userspace
Fri Apr 23 00:09:13 CDT 2010  35        0.00 0.21 1.66 2/214 11122        600000        userspace
Fri Apr 23 00:09:18 CDT 2010  35        0.00 0.21 1.65 2/214 11129        600000        userspace
Fri Apr 23 00:09:23 CDT 2010  35        0.00 0.21 1.64 2/214 11136        600000        userspace
Fri Apr 23 00:09:28 CDT 2010  35        0.00 0.20 1.64 2/214 11143        600000        userspace
Fri Apr 23 00:09:33 CDT 2010  35        0.00 0.20 1.63 3/214 11150        600000        userspace
Fri Apr 23 00:09:39 CDT 2010  35        0.00 0.20 1.62 2/214 11157        600000        userspace
Fri Apr 23 00:09:44 CDT 2010  35        0.00 0.19 1.61 2/214 11164        600000        userspace
Fri Apr 23 00:09:49 CDT 2010  35        0.00 0.19 1.60 2/214 11171        600000        userspace
Fri Apr 23 00:09:54 CDT 2010  35        0.00 0.18 1.59 3/214 11177        600000        userspace
Fri Apr 23 00:09:59 CDT 2010  35        0.00 0.18 1.58 2/214 11184        600000        userspace
Fri Apr 23 00:10:04 CDT 2010  35        0.00 0.18 1.57 2/214 11190        600000        userspace
Fri Apr 23 00:10:09 CDT 2010  35        0.00 0.17 1.56 2/214 11197        600000        userspace
Fri Apr 23 00:10:14 CDT 2010  35        0.00 0.17 1.56 2/214 11203        600000        userspace
Fri Apr 23 00:10:19 CDT 2010  35        0.00 0.17 1.55 3/214 11210        600000        userspace
Fri Apr 23 00:10:24 CDT 2010  35        0.00 0.17 1.54 2/214 11217        600000        userspace
Fri Apr 23 00:10:29 CDT 2010  35        0.00 0.16 1.53 2/214 11224        600000        userspace
Fri Apr 23 00:10:34 CDT 2010  35        0.00 0.16 1.52 2/214 11231        600000        userspace
Fri Apr 23 00:10:39 CDT 2010  35        0.00 0.16 1.51 2/214 11238        600000        userspace
Fri Apr 23 00:10:44 CDT 2010  35        0.00 0.15 1.51 2/214 11245        600000        userspace
Fri Apr 23 00:10:49 CDT 2010  35        0.00 0.15 1.50 2/214 11255        600000        userspace
Fri Apr 23 00:10:54 CDT 2010  35        0.00 0.15 1.49 2/214 11262        600000        userspace
Fri Apr 23 00:10:59 CDT 2010  35        0.00 0.15 1.48 4/214 11269        600000        userspace
Fri Apr 23 00:11:04 CDT 2010  35        0.00 0.14 1.47 2/214 11275        600000        userspace
Fri Apr 23 00:11:09 CDT 2010  35        0.00 0.14 1.46 2/214 11281        600000        userspace
Fri Apr 23 00:11:14 CDT 2010  35        0.08 0.15 1.46 2/214 11287        600000        userspace
Fri Apr 23 00:11:19 CDT 2010  35        0.15 0.17 1.46 2/214 11293        600000        userspace
Fri Apr 23 00:11:24 CDT 2010  35        0.22 0.18 1.45 2/214 11299        600000        userspace
Fri Apr 23 00:11:30 CDT 2010  35        0.28 0.20 1.45 3/214 11306        600000        userspace
Fri Apr 23 00:11:35 CDT 2010  35        0.34 0.21 1.45 3/214 11313        600000        userspace
Fri Apr 23 00:11:40 CDT 2010  35        0.39 0.22 1.45 4/214 11319        600000        userspace
Fri Apr 23 00:11:45 CDT 2010  35        0.44 0.23 1.44 2/214 11326        600000        userspace
Fri Apr 23 00:11:50 CDT 2010  35        0.49 0.25 1.44 2/214 11333        600000        userspace
Fri Apr 23 00:11:55 CDT 2010  35        0.53 0.26 1.44 2/214 11339        600000        userspace
Fri Apr 23 00:12:00 CDT 2010  35        0.56 0.27 1.44 2/214 11345        600000        userspace
Fri Apr 23 00:12:05 CDT 2010  35        0.60 0.28 1.43 3/214 11351        600000        userspace
Fri Apr 23 00:12:10 CDT 2010  35        0.63 0.29 1.43 3/214 11357        600000        userspace
Fri Apr 23 00:12:15 CDT 2010  35        0.58 0.29 1.42 2/214 11363        600000        userspace
Fri Apr 23 00:12:20 CDT 2010  35        0.53 0.28 1.42 2/214 11369        600000        userspace
Fri Apr 23 00:12:25 CDT 2010  35        0.49 0.28 1.41 2/214 11377        600000        userspace
Fri Apr 23 00:12:30 CDT 2010  35        0.45 0.27 1.40 2/214 11386        600000        userspace
Fri Apr 23 00:12:35 CDT 2010  35        0.41 0.27 1.39 2/214 11393        600000        userspace
Fri Apr 23 00:12:40 CDT 2010  35        0.38 0.26 1.39 2/214 11400        600000        userspace
Fri Apr 23 00:12:45 CDT 2010  35        0.35 0.26 1.38 2/214 11407        600000        userspace
Fri Apr 23 00:12:50 CDT 2010  35        0.32 0.26 1.37 2/214 11414        600000        userspace
Fri Apr 23 00:12:55 CDT 2010  35        0.30 0.25 1.36 2/214 11420        600000        userspace
Fri Apr 23 00:13:00 CDT 2010  35        0.27 0.25 1.35 2/214 11426        600000        userspace
Fri Apr 23 00:13:05 CDT 2010  35        0.25 0.24 1.35 2/214 11433        600000        userspace
Fri Apr 23 00:13:10 CDT 2010  35        0.23 0.24 1.34 2/214 11439        600000        userspace
Fri Apr 23 00:13:15 CDT 2010  35        0.21 0.23 1.33 2/214 11445        600000        userspace
Fri Apr 23 00:13:21 CDT 2010  35        0.19 0.23 1.33 2/214 11451        600000        userspace
Fri Apr 23 00:13:26 CDT 2010  35        0.26 0.24 1.32 2/214 11457        600000        userspace
Fri Apr 23 00:13:31 CDT 2010  35        0.48 0.29 1.33 3/214 11463        600000        userspace
Fri Apr 23 00:13:36 CDT 2010  35        0.60 0.32 1.34 3/214 11471        600000        userspace
Fri Apr 23 00:13:41 CDT 2010  35        0.55 0.31 1.33 3/214 11481        600000        userspace
Fri Apr 23 00:13:46 CDT 2010  35        0.51 0.31 1.32 3/214 11488        600000        userspace
Fri Apr 23 00:13:51 CDT 2010  35        0.47 0.30 1.31 3/214 11494        600000        userspace
Fri Apr 23 00:13:56 CDT 2010  35        0.43 0.29 1.31 3/214 11501        600000        userspace
Fri Apr 23 00:14:01 CDT 2010  35        0.71 0.36 1.32 2/214 11507        600000        userspace
Fri Apr 23 00:14:06 CDT 2010  35        0.90 0.40 1.33 3/214 11514        600000        userspace
Fri Apr 23 00:14:11 CDT 2010  35        1.14 0.47 1.34 2/214 11525        600000        userspace
Fri Apr 23 00:14:16 CDT 2010  35        1.05 0.46 1.33 2/214 11534        600000        userspace
Fri Apr 23 00:14:21 CDT 2010  35        1.04 0.47 1.33 3/214 11545        600000        userspace
Fri Apr 23 00:14:26 CDT 2010  35        1.04 0.48 1.33 2/214 11551        600000        userspace
Fri Apr 23 00:14:31 CDT 2010  35        1.04 0.49 1.33 3/214 11558        600000        userspace
Fri Apr 23 00:14:36 CDT 2010  35        0.95 0.48 1.32 3/214 11564        600000        userspace
Fri Apr 23 00:14:41 CDT 2010  35        0.88 0.47 1.31 3/214 11571        600000        userspace
Fri Apr 23 00:14:46 CDT 2010  35        0.81 0.46 1.31 2/214 11577        600000        userspace
Fri Apr 23 00:14:51 CDT 2010  35        0.74 0.45 1.30 2/214 11583        600000        userspace
Fri Apr 23 00:14:56 CDT 2010  35        0.68 0.45 1.29 3/214 11589        600000        userspace
Fri Apr 23 00:15:01 CDT 2010  35        0.63 0.44 1.28 2/214 11595        600000        userspace
Fri Apr 23 00:15:06 CDT 2010  35        0.58 0.43 1.28 2/214 11602        600000        userspace
Fri Apr 23 00:15:12 CDT 2010  35        0.53 0.42 1.27 2/214 11608        600000        userspace
Fri Apr 23 00:15:17 CDT 2010  35        0.49 0.42 1.26 3/214 11614        600000        userspace
Fri Apr 23 00:15:22 CDT 2010  35        0.45 0.41 1.26 2/214 11621        600000        userspace
Fri Apr 23 00:15:27 CDT 2010  35        0.41 0.40 1.25 3/214 11627        600000        userspace
Fri Apr 23 00:15:32 CDT 2010  34        0.38 0.39 1.24 2/214 11634        600000        userspace
Fri Apr 23 00:15:37 CDT 2010  35        0.35 0.39 1.24 2/214 11640        600000        userspace
Fri Apr 23 00:15:42 CDT 2010  35        0.32 0.38 1.23 2/214 11646        600000        userspace
Fri Apr 23 00:15:47 CDT 2010  35        0.29 0.37 1.22 2/214 11654        600000        userspace
Fri Apr 23 00:15:52 CDT 2010  35        0.27 0.37 1.22 2/214 11661        600000        userspace
Fri Apr 23 00:15:57 CDT 2010  35        0.25 0.36 1.21 2/214 11668        600000        userspace
Fri Apr 23 00:16:02 CDT 2010  35        0.23 0.36 1.20 2/214 11674        600000        userspace
Fri Apr 23 00:16:07 CDT 2010  35        0.21 0.35 1.19 2/214 11681        600000        userspace
Fri Apr 23 00:16:12 CDT 2010  35        0.19 0.34 1.19 2/214 11687        600000        userspace
Fri Apr 23 00:16:17 CDT 2010  34        0.18 0.34 1.18 2/214 11693        600000        userspace
Fri Apr 23 00:16:22 CDT 2010  35        0.16 0.33 1.17 2/214 11699        600000        userspace
Fri Apr 23 00:16:27 CDT 2010  35        0.15 0.33 1.17 2/214 11705        600000        userspace
Fri Apr 23 00:16:32 CDT 2010  35        0.14 0.32 1.16 3/214 11712        600000        userspace
Fri Apr 23 00:16:37 CDT 2010  35        0.37 0.36 1.17 2/212 11718        600000        userspace
Fri Apr 23 00:16:42 CDT 2010  35        0.34 0.36 1.17 2/212 11725        600000        userspace
Fri Apr 23 00:16:47 CDT 2010  35        0.31 0.35 1.16 2/212 11731        600000        userspace
Fri Apr 23 00:16:52 CDT 2010  35        0.28 0.35 1.15 3/212 11738        600000        userspace
Fri Apr 23 00:16:57 CDT 2010  35        0.26 0.34 1.15 2/212 11744        600000        userspace
Fri Apr 23 00:17:03 CDT 2010  35        0.24 0.33 1.14 2/212 11753        600000        userspace
Fri Apr 23 00:17:08 CDT 2010  35        0.22 0.33 1.13 2/212 11761        600000        userspace
Fri Apr 23 00:17:13 CDT 2010  34        0.20 0.32 1.13 2/212 11768        600000        userspace
Fri Apr 23 00:17:18 CDT 2010  35        0.19 0.32 1.12 2/212 11776        600000        userspace
Fri Apr 23 00:17:23 CDT 2010  34        0.17 0.31 1.11 2/212 11783        600000        userspace
Fri Apr 23 00:17:28 CDT 2010  34        0.16 0.31 1.11 3/212 11790        600000        userspace
Fri Apr 23 00:17:33 CDT 2010  34        0.14 0.30 1.10 2/212 11797        600000        userspace
Fri Apr 23 00:17:38 CDT 2010  35        0.29 0.33 1.11 2/212 11806        600000        userspace
Fri Apr 23 00:17:43 CDT 2010  35        0.27 0.32 1.10 1/212 11813        600000        userspace
Fri Apr 23 00:17:48 CDT 2010  35        0.25 0.32 1.09 2/212 11820        600000        userspace
Fri Apr 23 00:17:53 CDT 2010  35        0.23 0.31 1.09 2/212 11828        600000        userspace
Fri Apr 23 00:17:58 CDT 2010  35        0.21 0.31 1.08 2/212 11836        600000        userspace
Fri Apr 23 00:18:03 CDT 2010  35        0.19 0.30 1.08 2/212 11843        600000        userspace
Fri Apr 23 00:18:08 CDT 2010  35        0.18 0.30 1.07 2/212 11850        600000        userspace
Fri Apr 23 00:18:13 CDT 2010  35        0.16 0.29 1.06 2/212 11857        600000        userspace
Fri Apr 23 00:18:18 CDT 2010  35        0.15 0.29 1.06 2/212 11866        600000        userspace
Fri Apr 23 00:18:23 CDT 2010  34        0.14 0.28 1.05 2/212 11872        600000        userspace
Fri Apr 23 00:18:28 CDT 2010  35        0.12 0.28 1.05 2/212 11878        600000        userspace
Fri Apr 23 00:18:33 CDT 2010  34        0.11 0.27 1.04 2/212 11884        600000        userspace
Fri Apr 23 00:18:38 CDT 2010  35        0.11 0.27 1.03 3/212 11890        600000        userspace
Fri Apr 23 00:18:43 CDT 2010  34        0.10 0.26 1.03 2/212 11897        600000        userspace
Fri Apr 23 00:18:48 CDT 2010  34        0.09 0.26 1.02 2/212 11905        600000        userspace
Fri Apr 23 00:18:53 CDT 2010  35        0.08 0.25 1.02 3/212 11916        600000        userspace
Fri Apr 23 00:18:59 CDT 2010  34        0.07 0.25 1.01 2/212 11927        600000        userspace
Fri Apr 23 00:19:04 CDT 2010  35        0.07 0.24 1.01 2/212 11937        600000        userspace
Fri Apr 23 00:19:09 CDT 2010  35        0.06 0.24 1.00 2/212 11944        600000        userspace
Fri Apr 23 00:19:14 CDT 2010  35        0.06 0.24 0.99 2/212 11951        600000        userspace
Fri Apr 23 00:19:19 CDT 2010  35        0.05 0.23 0.99 2/212 11958        600000        userspace
Fri Apr 23 00:19:24 CDT 2010  34        0.05 0.23 0.98 2/212 11965        600000        userspace
Fri Apr 23 00:19:29 CDT 2010  34        0.04 0.22 0.98 2/212 11973        600000        userspace
Fri Apr 23 00:19:34 CDT 2010  34        0.04 0.22 0.97 2/212 11984        600000        userspace
Fri Apr 23 00:19:39 CDT 2010  35        0.04 0.22 0.97 2/212 11990        600000        userspace
Fri Apr 23 00:19:44 CDT 2010  34        0.03 0.21 0.96 2/212 11996        600000        userspace
Fri Apr 23 00:19:49 CDT 2010  34        0.03 0.21 0.96 2/212 12002        600000        userspace
Fri Apr 23 00:19:54 CDT 2010  34        0.03 0.20 0.95 3/212 12008        600000        userspace
Fri Apr 23 00:19:59 CDT 2010  34        0.03 0.20 0.95 2/206 12018        600000        userspace
Fri Apr 23 00:20:04 CDT 2010  34        0.02 0.20 0.94 2/206 12024        600000        userspace
Fri Apr 23 00:20:09 CDT 2010  34        0.02 0.19 0.93 2/206 12031        600000        userspace
Fri Apr 23 00:20:14 CDT 2010  34        0.02 0.19 0.93 2/206 12041        600000        userspace
Fri Apr 23 00:20:19 CDT 2010  34        0.02 0.19 0.92 3/206 12047        600000        userspace
Fri Apr 23 00:20:24 CDT 2010  34        0.02 0.18 0.92 2/206 12054        600000        userspace
Fri Apr 23 00:20:29 CDT 2010  34        0.01 0.18 0.91 2/206 12060        600000        userspace
Fri Apr 23 00:20:34 CDT 2010  34        0.01 0.18 0.91 2/206 12066        600000        userspace
Fri Apr 23 00:20:39 CDT 2010  34        0.01 0.17 0.90 2/206 12073        600000        userspace
Fri Apr 23 00:20:44 CDT 2010  34        0.01 0.17 0.90 2/206 12080        600000        userspace
Fri Apr 23 00:20:50 CDT 2010  37        0.25 0.22 0.91 2/207 12087        600000        userspace
Fri Apr 23 00:20:55 CDT 2010  35        0.23 0.21 0.90 3/207 12094        600000        userspace
Fri Apr 23 00:21:00 CDT 2010  35        0.21 0.21 0.90 2/207 12101        600000        userspace
Fri Apr 23 00:21:05 CDT 2010  35        0.35 0.24 0.91 2/207 12107        600000        userspace
Fri Apr 23 00:21:10 CDT 2010  35        0.33 0.23 0.90 2/207 12114        600000        userspace
Fri Apr 23 00:21:15 CDT 2010  35        0.30 0.23 0.90 2/207 12120        600000        userspace
Fri Apr 23 00:21:20 CDT 2010  35        0.27 0.23 0.89 4/206 12127        600000        userspace
Fri Apr 23 00:21:26 CDT 2010  35        0.25 0.22 0.89 3/207 12138        600000        userspace
Fri Apr 23 00:21:31 CDT 2010  35        0.31 0.24 0.89 5/211 12183        600000        userspace
